map-LogFile

95.53276;7.1780972;24.833532;33.721066
85.497406;9.027;15.639677;32.94318
82.45282;12.312404;15.302516;33.48779
77.10161;17.538322;15.510919;36.05921
73.14282;24.25397;15.355097;30.467773
69.23532;26.139692;15.924903;32.894047
64.57953;30.96613;16.641743;32.423725
59.586887;36.066776;19.46092;33.143387
55.030888;36.256596;17.424372;89.075905
50.97513;41.30529;15.714307;89.55316
46.680435;48.43458;18.845434;92.37013
42.768227;53.094162;17.058565;91.20437
38.13981;57.11024;15.983774;91.514465
32.881775;61.997112;16.80513;91.54814
28.154839;65.858955;16.917192;91.08002
23.436064;71.13115;18.07258;90.80739
18.915339;72.38632;17.155838;88.281
14.37192;80.627205;18.052742;90.97582
9.752968;84.83063;12.693322;90.42111
83.74389;8.517952;13.557806;91.82205
83.353195;11.785403;16.228693;93.17606
79.68624;12.951179;78.11407;90.74977
74.78488;22.328224;16.456953;98.5915
69.03385;21.469742;11.703225;89.10771
66.07805;30.820065;18.882597;90.623215
61.13295;34.84621;17.7565;39.467083
56.714516;38.95613;57.913013;33.81426
51.430355;43.474663;19.051338;91.85289
49.661423;48.786858;18.551403;60.701015
43.65758;49.30755;22.455435;84.841644
41.856213;57.19524;25.506613;86.88069
35.419193;62.244873;114.32847;86.499146
30.336178;65.48116;39.037354;85.292145
27.77329;69.62823;34.798065;85.942245
23.467548;74.69108;31.995886;83.882095
14.144;77.584854;25.517;83.36329
12.143661;82.903336;30.023256;83.07082
9.70071;87.182304;25.750902;82.40593
61.82018;25.751854;63.52648;79.47092
66.405464;28.54584;65.63605;80.705284
62.611;34.401707;54.720787;74.931595
57.07592;37.43116;53.32113;49.16747
53.13192;43.19605;56.286694;39.43213
54.764244;47.00845;65.90711;39.794483
44.198742;51.637497;13.262838;37.878517
41.124905;55.46532;53.20874;36.694176
35.679855;61.044807;37.628872;37.194435
39.609695;64.88805;39.054985;34.25279
26.67237;68.80687;29.558273;35.373856
23.306677;73.67139;29.009565;35.222744
17.006306;78.02401;23.453064;33.01903
13.445436;82.72955;21.656742;30.224113
8.967177;87.17472;18.74187;29.048273
6.728226;87.194565;18.463259;29.115032
11.836098;84.388626;19.682854;30.492645
16.031628;79.92078;17.565403;32.091595
20.215193;75.56437;14.188081;29.740242
23.656452;71.43022;28.200178;33.904938
28.192919;66.35132;15.531081;34.302532
32.76655;61.632244;34.85126;35.099968
33.669758;2.095097;60.54613;56.532562
31.678547;2.255645;51.842144;55.332485
32.58334;6.514468;34.13537;55.47792
27.40274;10.149936;53.878986;52.167645
28.376146;13.950693;54.354984;51.385017
20.920712;16.811113;54.792885;52.461697
75.40634;24.581352;57.41121;51.478516
65.89766;27.303888;57.56987;49.92271
64.99163;31.713177;74.61111;50.640484
60.223755;38.035614;58.63079;48.50068
59.863613;38.31171;60.339596;46.793434
58.47779;37.740627;7.202968;49.430645
58.26971;37.83066;5.7885;47.620777
58.430256;37.762676;8.310467;46.128548
58.92547;37.559597;61.86992;49.890923
58.711082;37.704742;62.02608;46.738983
60.82663;37.80958;112.87497;45.53639
58.49384;38.150517;114.340744;47.091255
58.545177;37.3619;58.23413;49.552483
57.88908;37.573467;4.960226;48.608337
55.27613;67.30079;58.68463;46.12352
50.422;65.98045;63.3461;45.993824
61.278385;70.25408;56.941177;44.73519
60.477497;73.915695;50.486855;44.45218
53.170322;51.260338;51.12529;39.887676
50.508564;53.88874;47.214035;36.584
45.41171;57.059242;87.71812;33.59516
40.33376;63.194664;88.729614;30.446371
40.588127;65.029724;35.28287;27.363081
32.30629;69.368805;31.54129;25.307016
39.658806;73.77874;29.335693;22.78221
33.710064;77.622;23.397676;19.434162
22.977062;80.07691;19.549353;14.808258
22.116371;84.27971;17.080275;13.840839
19.611385;88.98303;14.0165;11.139097
17.210918;90.06758;11.316951;9.186919
12.785258;95.78021;6.079064;5.347435
7.1787257;96.557175;2.538032;3.769597
6.4618874;98.06419;3.0836132;7.479371
12.053323;92.734375;8.171645;4.745839
17.15708;97.32437;10.161274;7.3163066
22.665081;89.48296;12.992081;10.722597
20.476177;83.28174;16.085773;13.37837
30.769676;80.80445;21.153984;15.5975
25.857935;76.709656;29.873709;17.034
30.243307;73.29203;32.096645;20.359081
32.427807;69.31813;30.096918;23.148016
33.653694;65.2501;38.274242;25.72226
72.861694;66.17532;66.96741;38.6155
70.56448;64.92582;66.63243;38.926853
70.14484;69.312775;65.92852;35.75918
73.76582;76.23209;60.68779;32.049725
37.528454;80.71821;58.41105;29.631952
65.251045;84.583176;55.034355;26.486
60.86284;89.44109;51.148903;22.96292
56.16958;94.346535;47.067013;21.062693
29.169485;94.18032;45.590225;16.821177
48.7135;59.17984;55.635033;13.280451
50.578144;63.42919;41.959145;10.885984
72.94006;62.531967;36.069275;8.190226
37.23471;84.868095;31.654306;2.14829
28.428726;67.35715;52.087997;2.744565
29.671936;67.80671;51.683773;2.844967
27.407452;67.55108;29.547256;6.851952
28.006243;67.30206;31.282822;6.807242
24.665419;70.22038;40.986046;7.0386286
19.073694;75.88297;19.961145;6.6728063
14.913726;80.27526;40.32905;7.396904
8.406823;85.10736;39.76458;6.429145
29.194338;5.5889034;104.6479;3.5372581
28.920467;6.0201926;94.772156;3.266839
27.441774;4.102355;101.11253;6.705548
29.244402;7.077032;101.96757;7.5385485
24.90879;12.13737;101.291046;9.993161
21.267952;14.4648075;96.57039;10.126016
16.127338;19.72629;95.452156;9.007177
7.432774;19.221645;91.76946;9.447921
91.49178;2.663662;30.267565;53.998287
92.703514;2.9151769;30.956047;53.425323
87.31169;8.088226;29.18113;21.871758
83.30944;12.745274;29.26047;51.00063
78.31994;16.54542;27.998999;52.011806
74.00917;20.51742;22.936466;52.088936
69.290115;26.546436;24.911613;52.63705
65.395226;31.792515;24.186274;24.540436
60.458305;34.844337;22.956614;52.814293
55.857292;41.33487;8.734838;86.374794
52.483078;45.243305;22.405693;85.22542
46.974773;48.73208;20.86184;88.99121
42.550674;53.678436;19.540565;90.39718
39.06537;57.669033;18.649935;91.394516
33.676678;62.44729;17.521338;92.1614
28.015047;68.57989;15.596854;86.70471
23.980082;72.097;16.673855;91.68633
16.108435;72.90732;13.3815155;95.86111
14.367839;83.01445;15.8631935;88.40221
9.797031;85.40264;14.783387;93.84661
86.824036;9.592726;8.471678;96.33742
85.29875;9.740371;10.987678;97.351135
80.51137;15.884307;10.160338;97.96281
73.972984;20.944952;12.150597;99.100235
69.15129;25.40271;10.166952;98.90694
64.27448;30.531372;9.889581;99.35021
60.127113;35.552032;9.504563;115.84746
54.88795;37.488453;10.777047;97.27558
51.93279;43.73879;8.548468;112.15026
46.520805;48.85234;6.7235003;102.774765
42.225807;52.514256;6.026823;104.505615
38.639435;57.50597;4.3198867;105.40757
35.287598;61.23747;107.831635;74.12063
34.23863;60.690308;12.128242;74.67942
30.955435;65.24977;31.053322;97.988
25.670952;68.7395;31.767323;95.6291
23.00258;74.296616;25.987951;88.67515
16.620968;79.53732;20.31721;93.32527
12.665629;80.95651;14.996839;89.15303
6.329032;89.2714;18.229033;90.360985
