mapCoordinates-LogFile


X;Y

0;1771
0;-133
-433;157
587;214
0;1771
0;-133
-433;157
587;214
6;1771
0;-133
-432;159
588;212
5;1585
-1;-167
-272;100
575;207
5;1585
-1;-167
-272;100
575;207
2;1585
0;-167
-272;99
574;208
2;1528
0;-228
-266;97
584;212
2;1563
0;-194
-266;132
584;246
9;1597
-1;-160
-266;167
585;278
8;1532
-1;-222
-269;203
630;328
9;1609
-1;-146
-269;279
630;405
19;1685
-2;-69
-267;358
633;477
19;1688
-3;-117
-264;433
536;519
20;1770
-2;-36
-263;514
537;601
26;1851
-2;46
-261;597
538;680
26;1860
-1;92
-270;682
582;776
27;1936
0;169
-269;758
583;853
31;2013
0;245
-267;836
585;928
31;2003
0;232
-278;917
578;1002
32;2089
1;318
-277;1003
580;1088
35;2175
2;405
-275;1089
582;1174
35;2169
2;396
-322;1194
596;1264
37;2250
4;478
-320;1276
597;1345
43;2332
3;559
-318;1359
600;1424
43;2329
5;637
-281;1426
1584;1838
45;2420
7;728
-279;1517
1586;1929
57;2510
4;819
-275;1611
1594;2006
58;2526
4;816
-243;1690
1605;2100
60;2603
6;893
-240;1766
1607;2176
62;2679
8;970
-238;1843
1610;2253
62;2676
7;914
-289;1941
1662;2346
65;2771
10;1009
-286;2036
1665;2441
72;2866
10;1104
-283;2132
1670;2530
72;2888
10;1113
-249;2215
1653;2619
75;2970
13;1194
-246;2296
1655;2700
84;3051
10;1275
-242;2379
1662;2771
84;3046
10;1282
-220;2453
1671;2854
87;3142
14;1378
-216;2549
1675;2949
96;3238
13;1474
-211;2646
1682;3036
96;3236
13;1479
-220;2747
1687;3132
99;3312
17;1556
-217;2824
1691;3209
106;3389
16;1632
-212;2901
1697;3278
105;3378
16;1637
-210;2979
1693;3352
110;3464
20;1723
-206;3065
1697;3438
118;3550
17;1810
-200;3153
1705;3513
118;3548
17;1798
-215;3247
1705;3598
123;3634
22;1884
-210;3333
1710;3684
130;3720
23;1971
-204;3420
1717;3765
130;3723
27;2033
-183;3500
1678;3837
135;3809
32;2120
-178;3586
1683;3924
142;3895
32;2206
-172;3674
1691;4003
143;3898
27;2140
-181;3767
1744;4104
148;3988
33;2231
-175;3857
1750;4194
157;4079
30;2323
-168;3950
1760;4275
157;4084
31;2336
-71;4000
1756;4362
262;5543
139;3837
-79;4097
1788;4460
262;5543
139;3837
-79;4097
1788;4460
1694;3831
-6;4011
151;3995
561;2343
1687;3832
-67;4018
151;3995
567;2318
1687;3832
-67;4018
151;3995
567;2318
1687;3828
-67;4018
151;3995
563;2317
1619;3835
-88;4021
151;3995
552;2361
1648;3832
-59;4017
179;3992
581;2358
1676;3819
-30;4016
208;3988
599;2352
1614;3827
-174;4032
237;3985
661;2207
1685;3818
-103;4024
308;3977
733;2199
1756;3805
-32;4017
379;3968
798;2189
1721;3809
55;4007
451;3960
829;2352
1807;3799
141;3997
536;3950
915;2342
1893;3789
227;3986
622;3940
1000;2332
1924;3786
140;3997
707;3930
1092;2294
2009;3775
226;3987
793;3919
1178;2284
2094;3755
312;3980
878;3909
1251;2271
2088;3756
323;3979
964;3898
1126;3184
2174;3745
409;3968
1049;3887
1212;3174
2259;3729
494;3960
1135;3876
1294;3162
2263;3729
504;3958
1220;3865
1357;3253
2348;3718
590;3947
1306;3854
1442;3242
2434;3709
675;3935
1391;3843
1529;3231
2422;3710
677;3934
1477;3832
1851;2171
2512;3699
768;3923
1567;3820
1941;2159
2602;3682
858;3915
1657;3808
2022;2145
2660;3674
851;3916
1747;3796
1988;2697
2740;3663
931;3905
1828;3785
2069;2686
2820;3648
1013;3898
1908;3774
2145;2674
2791;3652
1084;3888
1989;3763
2319;2225
2876;3640
1169;3876
2075;3751
2405;2213
2961;3622
1256;3870
2160;3739
2481;2199
3014;3615
1197;3878
2246;3726
2574;2149
3103;3602
1285;3865
2335;3713
2663;2137
3191;3587
1374;3855
2423;3700
2748;2123
3162;3592
1371;3855
2512;3687
2835;2117
3247;3579
1456;3843
2598;3675
2921;2104
3332;3560
1543;3839
2683;3661
2993;2088
3324;3561
1569;3835
2769;3648
3074;2097
3405;3549
1650;3823
2849;3635
3154;2084
3486;3537
1731;3809
2930;3623
3237;2072
3520;3531
1735;3808
3011;3610
3320;2047
3605;3518
1821;3795
3096;3597
3405;2034
3689;3502
1907;3788
3181;3583
3482;2019
3696;3501
1899;3789
3266;3570
3560;2043
3776;3488
1979;3776
3346;3557
3640;2030
3856;3473
2061;3768
3427;3544
3715;2016
3766;3488
2088;3763
3507;3530
3794;2012
3856;3473
2178;3748
3597;3516
3883;1997
3945;3459
2267;3734
3687;3501
3973;1983
3999;3450
2260;3735
3776;3486
4062;1973
4079;3437
2340;3722
3857;3473
4142;1960
4159;3422
2422;3715
3937;3460
4216;1945
4195;3416
2424;3715
4017;3446
4294;1944
5227;3242
3627;3512
4097;3433
4364;1984
5227;3242
3627;3512
4097;3433
4364;1984
5311;3228
3576;3520
4097;3433
4368;1961
3874;2222
4097;3433
4097;3433
2622;3184
3874;2222
4097;3433
4097;3433
2622;3184
3869;2223
4097;3433
4097;3433
2621;3191
3882;2292
4097;3433
4097;3433
2727;3208
3880;2278
4095;3418
4095;3418
2724;3194
3877;2264
4092;3404
4092;3404
2721;3180
3893;2351
4089;3390
4089;3390
3190;3243
3879;2277
4075;3316
4075;3316
3176;3169
3859;2204
4061;3242
4061;3242
3161;3100
3859;2202
4047;3169
4047;3169
3325;3054
3842;2117
4030;3084
4030;3084
3308;2970
3821;2034
4014;3000
4014;3000
3291;2889
3799;1920
3997;2916
3997;2916
3268;2804
3781;1831
3979;2827
3979;2827
3250;2714
3763;1742
3961;2737
3961;2737
3232;2625
3784;1845
3944;2648
3944;2648
3250;2541
3768;1764
3928;2568
3928;2568
3234;2461
3744;1686
3911;2488
3911;2488
3216;2387
3739;1662
3894;2408
3894;2408
3221;2310
3722;1577
3877;2324
3877;2324
3204;2226
3705;1493
3859;2239
3859;2239
3186;2141
3708;1507
3842;2155
3842;2155
3160;2055
3690;1418
3824;2066
3824;2066
3141;1966
3665;1330
3804;1977
3804;1977
3121;1883
3630;1170
3785;1888
3785;1888
3156;1802
3612;1086
3767;1804
3767;1804
3138;1717
3592;1002
3749;1720
3749;1720
3119;1635
3625;1152
3730;1635
3730;1635
3080;1548
3607;1073
3713;1556
3713;1556
3063;1468
3586;994
3695;1476
3695;1476
3044;1394
3582;976
3677;1397
3677;1397
3029;1315
3563;892
3658;1313
3658;1313
3010;1231
3544;808
3639;1229
3639;1229
2991;1146
3551;838
3620;1145
3620;1145
3013;1067
3532;754
3601;1061
3601;1061
2994;983
3510;670
3581;977
3581;977
2974;905
3505;651
3562;893
3562;893
3006;827
3484;562
3541;805
3541;805
2985;738
3461;474
3520;716
3520;716
2963;654
3459;466
3498;628
3498;628
2963;568
3439;383
3478;544
3478;544
2943;484
3419;299
3458;460
3458;460
2923;401
3408;256
3437;377
3437;377
2901;317
3387;171
3417;293
3417;293
2881;233
3368;87
3397;209
3397;209
2861;147
3326;-89
3377;124
3377;124
2815;60
3337;-41
3388;173
3388;173
2827;108
3350;8
3400;221
3400;221
2838;154
3343;-20
3411;270
3411;270
2820;199
3360;50
3427;340
3427;340
2837;269
3377;120
3443;410
3443;410
2853;335
3376;114
3459;480
3459;480
2912;411
3393;189
3476;554
3476;554
2929;485
3412;263
3493;629
3493;629
2946;557
3415;276
3509;704
3509;704
2886;621
3432;355
3527;783
3527;783
2904;701
3452;434
3544;863
3544;863
2921;776
3452;432
3561;943
3561;943
2931;855
3469;511
3578;1022
3578;1022
2948;934
3488;590
3594;1102
3594;1102
2965;1011
3487;587
3611;1182
3611;1182
2967;1089
3500;650
3628;1261
3628;1261
2591;1112
3500;650
3628;1261
3628;1261
2591;1112
3022;1412
3628;1261
3628;1261
3517;2303
3058;1403
3628;1261
3628;1261
3519;2281
3058;1403
3628;1261
3628;1261
3519;2281
3057;1400
3628;1261
3628;1261
3515;2281
3041;1404
3628;1261
3628;1261
3515;2283
3008;1412
3595;1269
3595;1269
3482;2291
2976;1422
3563;1277
3563;1277
3453;2300
3037;1407
3530;1285
3530;1285
3427;2247
2953;1428
3447;1306
3447;1306
3343;2267
2870;1450
3363;1327
3363;1327
3262;2289
2769;1475
3279;1348
3279;1348
3180;2295
2685;1496
3196;1368
3196;1368
3096;2316
2603;1522
3112;1390
3112;1390
3021;2338
2653;1509
3029;1412
3029;1412
2936;2380
2565;1531
2941;1434
2941;1434
2848;2402
2477;1555
2853;1457
2853;1457
2762;2426
1412;1833
2765;1480
2765;1480
2675;2430
1333;1854
2686;1501
2686;1501
2596;2451
1256;1881
2607;1522
2607;1522
2521;2472
1347;1857
2528;1543
2528;1543
2445;2465
1264;1879
2444;1565
2444;1565
2362;2487
1182;1908
2361;1588
2361;1588
2283;2510
1115;1926
2278;1610
2278;1610
2199;2546
1032;1948
2195;1633
2195;1633
2116;2568
951;1978
2112;1656
2112;1656
2038;2592
953;1977
2029;1679
2029;1679
1958;2575
865;2002
1941;1703
1941;1703
1870;2600
785;2055
1853;1730
1853;1730
1805;2628
704;2080
1766;1757
1766;1757
1720;2623
654;2095
1715;1772
1715;1772
1669;2638
603;2109
1665;1787
1665;1787
1618;2653
577;2117
1615;1802
1615;1802
1565;2717
558;2123
1596;1808
1596;1808
1546;2723
540;2130
1576;1814
1576;1814
1528;2729
524;2135
1557;1820
1557;1820
1510;2701
524;2135
1557;1820
1557;1820
1510;2701
523;2131
1557;1820
1557;1820
1507;2701
520;2132
1557;1820
1557;1820
1509;2674
520;2132
1557;1820
1557;1820
1509;2674
520;2132
1557;1820
1557;1820
1509;2674
511;2135
1557;1820
1557;1820
1505;2743
493;2140
1539;1825
1539;1825
1487;2749
475;2146
1521;1831
1521;1831
1468;2754
460;2150
1502;1836
1502;1836
1453;2701
451;2153
1493;1839
1493;1839
1444;2704
442;2156
1484;1842
1484;1842
1435;2707
395;2170
1475;1845
1475;1845
1427;2687
381;2174
1461;1849
1461;1849
1413;2692
368;2179
1447;1853
1447;1853
1400;2696
396;2171
1434;1857
1434;1857
1385;2729
377;2176
1415;1863
1415;1863
1367;2734
359;2182
1397;1868
1397;1868
1348;2740
340;2188
1379;1874
1379;1874
1327;2791
317;2195
1356;1881
1356;1881
1304;2798
294;2202
1332;1888
1332;1888
1281;2805
282;2205
1309;1895
1309;1895
1259;2794
306;2198
1286;1902
1286;1902
1239;2755
306;2198
1286;1902
1286;1902
1239;2755
467;2516
1286;1902
1286;1902
1286;1902
539;2462
1286;1902
1286;1902
1286;1902
539;2462
1286;1902
1286;1902
1286;1902
537;2460
1286;1902
1286;1902
1286;1902
376;2580
1286;1902
1286;1902
1286;1902
345;2603
1256;1924
1256;1924
1256;1924
314;2626
1225;1947
1225;1947
1225;1947
295;2640
1194;1970
1194;1970
1194;1970
219;2697
1118;2027
1118;2027
1118;2027
147;2759
1042;2084
1042;2084
1042;2084
179;2734
967;2141
967;2141
967;2141
107;2789
894;2196
894;2196
894;2196
37;2848
822;2251
822;2251
822;2251
4;2873
749;2306
749;2306
749;2306
-65;2925
681;2358
681;2358
681;2358
-131;2981
612;2411
612;2411
612;2411
-124;2976
544;2463
544;2463
544;2463
-193;3028
475;2516
475;2516
475;2516
-261;3081
407;2568
407;2568
407;2568
-255;3076
338;2621
338;2621
338;2621
-327;3132
266;2677
266;2677
266;2677
-395;3193
194;2733
194;2733
194;2733
-470;3252
122;2788
122;2788
122;2788
-535;3302
58;2839
58;2839
58;2839
-597;3355
-6;2889
-6;2889
-6;2889
-541;3311
-70;2940
-70;2940
-70;2940
-612;3367
-142;2996
-142;2996
-142;2996
-682;3425
-213;3053
-213;3053
-213;3053
-860;3566
-284;3109
-284;3109
-284;3109
-928;3620
-352;3163
-352;3163
-352;3163
-993;3676
-419;3217
-419;3217
-419;3217
-974;3661
-486;3271
-486;3271
-486;3271
-1041;3715
-554;3325
-554;3325
-554;3325
-1107;3771
-621;3379
-621;3379
-621;3379
-1019;3700
-688;3433
-688;3433
-688;3433
-1083;3751
-751;3484
-751;3484
-751;3484
-1145;3804
-814;3535
-814;3535
-814;3535
-1196;3845
-878;3586
-878;3586
-878;3586
-1266;3902
-948;3644
-948;3644
-948;3644
-1335;3962
-1018;3701
-1018;3701
-1018;3701
-1370;3990
-1089;3759
-1089;3759
-1089;3759
-1440;4047
-1159;3817
-1159;3817
-1159;3817
-1509;4106
-1229;3875
-1229;3875
-1229;3875
-1545;4136
-1299;3933
-1299;3933
-1299;3933
-1608;4188
-1362;3985
-1362;3985
-1362;3985
-1670;4240
-1425;4036
-1425;4036
-1425;4036
-1670;4239
-1487;4088
-1487;4088
-1487;4088
-1740;4297
-1557;4146
-1557;4146
-1557;4146
-1812;4353
-1628;4204
-1628;4204
-1628;4204
-1802;4345
-1699;4261
-1699;4261
-1699;4261
-1869;4399
-1766;4315
-1766;4315
-1766;4315
-1937;4452
-1833;4369
-1833;4369
-1833;4369
-1994;4498
-1900;4423
-1900;4423
-1900;4423
-1939;4454
-1846;4379
-1846;4379
-1846;4379
-1885;4410
-1790;4336
-1790;4336
-1790;4336
-1911;4431
-1735;4293
-1735;4293
-1735;4293
-1855;4386
-1679;4249
-1679;4249
-1679;4249
-1799;4341
-1622;4205
-1622;4205
-1622;4205
-1817;4355
-1565;4161
-1565;4161
-1565;4161
-1756;4309
-1505;4114
-1505;4114
-1505;4114
-1696;4261
-1444;4067
-1444;4067
-1444;4067
-1716;4277
-1383;4020
-1383;4020
-1383;4020
-1648;4224
-1315;3968
-1315;3968
-1315;3968
-1580;4171
-1247;3915
-1247;3915
-1247;3915
-1480;4094
-1178;3863
-1178;3863
-1178;3863
-1411;4041
-1110;3810
-1110;3810
-1110;3810
-1344;3988
-1042;3758
-1042;3758
-1042;3758
-1427;4051
-973;3706
-973;3706
-973;3706
-1366;4005
-912;3660
-912;3660
-912;3660
-1263;4007
-858;3606
-858;3606
-858;3606
-1144;3889
-803;3552
-803;3552
-803;3552
-1083;3828
-742;3491
-742;3491
-742;3491
-1058;3726
-673;3440
-673;3440
-673;3440
-1054;3723
-603;3389
-603;3389
-603;3389
-992;3677
-542;3343
-542;3343
-542;3343
-931;3629
-480;3297
-480;3297
-480;3297
-902;3608
-418;3252
-418;3252
-418;3252
-833;3557
-348;3201
-348;3201
-348;3201
-765;3503
-278;3150
-278;3150
-278;3150
-714;3466
-209;3100
-209;3100
-209;3100
-1232;3842
-139;3049
-139;3049
-139;3049
-1232;3842
-139;3049
-139;3049
-139;3049
-1050;2052
-139;3049
-139;3049
-800;3322
-1021;2084
-139;3049
-139;3049
-806;3324
-1021;2084
-139;3049
-139;3049
-806;3324
-1027;2088
-139;3049
-139;3049
-804;3328
-1021;2094
-139;3049
-139;3049
-750;3305
-1031;2084
-149;3038
-149;3038
-760;3295
-1048;2080
-158;3028
-158;3028
-768;3289
-1104;2020
-168;3017
-168;3017
-714;3251
-1156;1965
-221;2962
-221;2962
-767;3196
-1216;1915
-273;2906
-273;2906
-818;3144
-806;2347
-326;2851
-326;2851
-830;3070
-868;2281
-389;2785
-389;2785
-892;3004
-928;2212
-451;2719
-451;2719
-956;2936
-1343;1772
-514;2652
-514;2652
-965;2847
-1399;1713
-569;2593
-569;2593
-1020;2787
-1461;1660
-626;2534
-626;2534
-1075;2732
-1461;1660
-682;2475
-682;2475
-1072;2646
-1524;1594
-745;2410
-745;2410
-1134;2581
-1592;1533
-808;2344
-808;2344
-1197;2517
-1594;1530
-871;2279
-871;2279
-1228;2438
-1651;1471
-928;2220
-928;2220
-1284;2379
-1713;1418
-984;2162
-984;2162
-1340;2323
-1420;1717
-1041;2104
-1041;2104
-1325;2233
-1480;1656
-1102;2042
-1102;2042
-1386;2171
-1542;1596
-1162;1981
-1162;1981
-1446;2111
-1857;1277
-1223;1920
-1223;1920
-1446;2022
-1914;1219
-1280;1862
-1280;1862
-1504;1964
-1972;1162
-1337;1804
-1337;1804
-1561;1907
-2054;1079
-1394;1746
-1394;1746
-1578;1830
-2118;1015
-1458;1681
-1458;1681
-1642;1766
-2182;951
-1522;1617
-1522;1617
-1706;1701
-2538;592
-1586;1552
-1586;1552
-1724;1616
-2602;527
-1650;1488
-1650;1488
-1788;1551
-2675;472
-1715;1424
-1715;1424
-1852;1488
-2270;874
-1780;1360
-1780;1360
-1816;1376
-2219;924
-1844;1295
-1844;1295
-1890;1317
-2219;924
-1844;1295
-1844;1295
-1890;1317
-2235;908
-1844;1295
-1844;1295
-1892;1318
-2068;793
-1844;1295
-1844;1295
-1897;1299
-2051;831
-1844;1295
-1844;1295
-1971;1304
-2051;831
-1844;1295
-1844;1295
-1971;1304
-1863;788
-1844;1295
-1844;1295
-1965;1256
-1863;777
-1844;1295
-1844;1295
-1964;1257
-1863;777
-1844;1295
-1844;1295
-1964;1257
-1855;776
-1844;1295
-1844;1295
-1964;1255
-1854;838
-1844;1295
-1844;1295
-1968;1253
-1854;805
-1845;1262
-1845;1262
-1968;1220
-1851;771
-1845;1228
-1845;1228
-1968;1185
-1850;841
-1846;1195
-1846;1195
-1963;1154
-1851;755
-1847;1108
-1847;1108
-1964;1067
-1849;669
-1847;1022
-1847;1022
-1964;981
-1849;660
-1848;936
-1848;936
-1977;890
-1850;563
-1848;840
-1848;840
-1977;794
-1844;467
-1863;2232
-1847;744
-1976;695
-1844;492
-1863;2225
-1846;648
-1958;606
-1839;10
-1846;655
-1845;552
-1906;528
-1839;10
-1846;655
-1845;552
-1906;528
-1304;573
-1949;547
-1845;552
-1820;491
-1309;573
-1957;547
-1845;552
-1822;496
-1337;572
-1921;549
-1845;552
-1798;437
-1337;572
-1921;549
-1845;552
-1798;437
-1345;644
-1920;538
-1845;552
-1782;444
-1312;650
-1974;528
-1845;552
-1774;431
-1303;652
-1965;530
-1836;553
-1765;433
-1293;653
-1955;531
-1826;555
-1755;435
-1363;640
-2038;516
-1817;557
-1723;397
-1316;649
-1991;525
-1770;565
-1676;406
-1268;654
-1944;535
-1723;574
-1630;413
-1287;651
-1939;536
-1675;582
-1582;420
-1207;665
-1859;550
-1595;596
-1501;434
-1127;678
-1779;564
-1515;610
-1422;448
-1141;676
-1795;561
-1435;624
-1352;480
-1061;690
-1715;575
-1355;638
-1272;494
-980;702
-1635;591
-1275;652
-1192;507
-1059;689
-1546;606
-1195;666
-1108;513
558;963
-1163;671
-1114;679
-620;-191
558;963
-1163;671
-1114;679
-620;-191
-1449;2342
-1114;679
-1114;679
-1114;679
-1453;2364
-1114;679
-1114;679
-1114;679
-1458;2387
-1119;703
-1119;703
-1119;703
-1453;2413
-1124;726
-1124;726
-1124;726
-1439;2338
-1128;750
-1128;750
-1128;750
-1451;2399
-1140;811
-1140;811
-1140;811
-1456;2462
-1152;872
-1152;872
-1152;872
-1453;2450
-1164;933
-1164;933
-1164;933
-1470;2539
-1181;1022
-1181;1022
-1181;1022
-1477;2631
-1197;1112
-1197;1112
-1197;1112
-1477;2629
-1214;1201
-1214;1201
-1214;1201
-1494;2723
-1231;1296
-1231;1296
-1231;1296
-1506;2818
-1248;1390
-1248;1390
-1248;1390
-1509;2834
-1265;1484
-1265;1484
-1265;1484
-1524;2914
-1280;1564
-1280;1564
-1280;1564
-1535;2995
-1294;1644
-1294;1644
-1294;1644
-1534;2989
-1308;1724
-1308;1724
-1308;1724
-1549;3074
-1323;1809
-1323;1809
-1323;1809
-1560;3160
-1338;1895
-1338;1895
-1338;1895
-1562;3174
-1353;1980
-1353;1980
-1353;1980
-1576;3254
-1367;2060
-1367;2060
-1367;2060
-1585;3335
-1381;2140
-1381;2140
-1381;2140
-1583;3325
-1395;2220
-1395;2220
-1395;2220
-1599;3415
-1410;2310
-1410;2310
-1410;2310
-1606;3506
-1425;2400
-1425;2400
-1425;2400
-1607;3511
-1439;2490
-1439;2490
-1439;2490
-1622;3606
-1455;2584
-1455;2584
-1455;2584
-1632;3701
-1470;2679
-1470;2679
-1470;2679
-1637;3734
-1485;2773
-1485;2773
-1485;2773
-1649;3810
-1497;2849
-1497;2849
-1497;2849
-1660;3886
-1509;2924
-1509;2924
-1509;2924
-1656;3860
-1521;3000
-1521;3000
-1521;3000
-1671;3959
-1536;3099
-1536;3099
-1536;3099
-1680;4059
-1551;3198
-1551;3198
-1551;3198
-1682;4077
-1566;3297
-1566;3297
-1566;3297
-1695;4162
-1578;3382
-1578;3382
-1578;3382
-1705;4248
-1591;3467
-1591;3467
-1591;3467
-1708;4269
-1603;3552
-1603;3552
-1603;3552
-1721;4359
-1616;3642
-1616;3642
-1616;3642
-1730;4450
-1629;3733
-1629;3733
-1629;3733
-1729;4441
-1642;3823
-1642;3823
-1642;3823
-1741;4531
-1654;3913
-1654;3913
-1654;3913
-1752;4621
-1667;4003
-1667;4003
-1667;4003
-1750;4608
-1679;4093
-1679;4093
-1679;4093
-1761;4688
-1690;4174
-1690;4174
-1690;4174
-1768;4769
-1701;4254
-1701;4254
-1701;4254
-1769;4776
-1711;4335
-1711;4335
-1711;4335
-1781;4871
-1724;4430
-1724;4430
-1724;4430
-1791;4966
-1736;4525
-1736;4525
-1736;4525
-1785;4917
-1748;4620
-1748;4620
-1748;4620
-1796;5002
-1759;4706
-1759;4706
-1759;4706
-1805;5088
-1769;4792
-1769;4792
-1769;4792
-1812;5142
-1779;4877
-1779;4877
-1779;4877
-1822;5227
-1790;4963
-1790;4963
-1790;4963
-1831;5313
-1800;5048
-1800;5048
-1800;5048
-1831;5314
-1810;5134
-1810;5134
-1810;5134
-2007;6818
-1820;5220
-1820;5220
-1820;5220
-2007;6818
-1820;5220
-1820;5220
-1820;5220
-216;5356
-1997;5205
-1820;5220
-1069;3600
-244;5354
-2000;5204
-1820;5220
-1061;3582
-224;5356
-1980;5206
-1800;5221
-1041;3584
-204;5352
-1960;5208
-1780;5223
-1026;3583
-272;5347
-2053;5201
-1760;5225
-1001;3575
-186;5354
-1967;5208
-1674;5232
-915;3582
-99;5344
-1881;5217
-1588;5238
-847;3580
-134;5341
-1889;5216
-1502;5244
-753;3567
-48;5347
-1803;5223
-1416;5250
-667;3573
38;5352
-1717;5229
-1330;5256
-582;3578
35;5352
-1713;5229
-1244;5262
-498;3587
121;5358
-1627;5235
-1158;5268
-412;3593
207;5362
-1541;5242
-1072;5274
-328;3598
203;5362
-1550;5241
-986;5280
-238;3597
294;5368
-1459;5247
-895;5286
-148;3603
385;5370
-1369;5255
-804;5292
-62;3606
399;5371
-1371;5255
-713;5298
152;3332
490;5377
-1280;5261
-623;5304
242;3338
581;5374
-1190;5271
-532;5309
318;3337
575;5373
-1135;5274
-441;5315
273;3659
661;5378
-1049;5279
-355;5320
359;3664
747;5379
-963;5287
-269;5324
438;3665
779;5380
-992;5285
-183;5329
632;3416
860;5385
-911;5290
-101;5333
713;3420
941;5387
-830;5296
-20;5337
790;3423
922;5386
-843;5295
61;5341
804;3587
1013;5390
-752;5300
152;5346
894;3592
1103;5409
-661;5292
243;5352
1012;3609
1115;5410
-638;5293
334;5358
1116;3586
1205;5416
-547;5300
424;5364
1206;3592
1295;5430
-456;5298
515;5371
1313;3606
1320;5432
-457;5298
606;5378
1410;3597
1349;5434
-436;5299
696;5385
1262;4133
1349;5434
-436;5299
696;5385
1262;4133
1320;5186
-385;5730
696;5385
752;4012
1301;5192
-375;5727
696;5385
752;4002
1301;5192
-375;5727
696;5385
752;4002
1301;5193
-376;5724
696;5385
755;4002
1243;5212
-457;5750
696;5385
774;3570
1284;5199
-416;5737
737;5372
815;3557
1325;5182
-373;5730
778;5359
846;3543
1272;5199
-393;5736
819;5345
885;3574
1355;5173
-311;5710
902;5319
967;3547
1436;5144
-227;5687
984;5292
1044;3520
1472;5133
-243;5692
1066;5265
1122;3622
1549;5108
-166;5667
1144;5240
1199;3597
1626;5081
-87;5646
1221;5214
1271;3571
1591;5092
-102;5651
1298;5189
1351;3460
1682;5062
-11;5621
1389;5159
1442;3430
1772;5030
82;5598
1480;5128
1523;3399
1793;5023
148;5576
1571;5098
1612;3446
1875;4996
230;5548
1653;5070
1694;3418
1957;4969
311;5518
1735;5043
1780;3391
1928;4979
247;5539
1817;5016
1862;3341
