route-LogFile

0.0;345120.0
359.9375
0.0;250.0
359.9375
4.1516986;259.0
0.25
16.59331;249.0
0.375
20.74138;249.0
8.75
20.752337;249.0
0.9375
18.660357;250.0
1.3125
20.741322;249.0
1.3125
20.741926;249.0
1.5625
20.742014;249.0
1.75
20.7551;249.0
1.8125
20.748055;249.0
9.8125
20.741968;249.0
2.25
18.667784;249.0
2.6875
18.666815;249.0
2.875
20.74203;259.0
2.9375
20.75672;250.0
3.1875
0.0;1749.0
96.5625
0.0;250.0
96.875
11.408034;250.0
97.0625
19.714296;249.0
97.1875
20.757774;250.0
97.375
20.76259;259.0
97.6875
20.741516;249.0
97.8125
20.740303;250.0
97.875
20.742098;249.0
98.0625
20.760496;250.0
98.1875
20.751194;249.0
98.5625
20.754614;249.0
98.6875
19.70459;249.0
98.75
19.704859;249.0
99.0
20.755049;249.0
99.25
20.741133;249.0
99.5
0.0;1759.0
192.0
