routeCoordinates-LogFile


X;Y

0;0
0;0
0;0
0;0
0;0
0;0
0;43
0;87
1;130
1;227
2;324
3;421
5;524
6;627
8;730
9;827
11;924
13;1021
15;1130
17;1239
19;1348
20;1451
23;1554
25;1657
28;1772
31;1888
35;2003
38;2100
41;2197
44;2294
48;2414
52;2534
57;2654
60;2757
64;2860
69;2963
74;3084
79;3205
85;3326
90;3423
95;3520
100;3617
105;3726
111;3835
118;3944
124;4053
131;4162
137;4271
144;4380
151;4489
158;4599
166;4713
174;4828
183;4943
191;5058
191;5058
191;5058
191;5058
191;5058
191;5058
191;5058
227;5054
263;5050
300;5046
390;5035
480;5025
571;5014
679;5001
787;4988
896;4976
1004;4963
1112;4949
1220;4935
1329;4922
1437;4908
1545;4894
1653;4879
1762;4866
1870;4852
1984;4837
2098;4822
2212;4806
2314;4793
2416;4779
2519;4765
2627;4750
2735;4734
2844;4718
2956;4702
3069;4685
3181;4669
3289;4653
3397;4636
3506;4619
3608;4603
3710;4587
3812;4571
3920;4555
4028;4537
4136;4520
4237;4504
4339;4487
4441;4470
4554;4452
4668;4433
4782;4414
4883;4398
4985;4381
5087;4363
5188;4346
5188;4346
5188;4346
5188;4346
5188;4346
5188;4346
5188;4346
5185;4328
5181;4311
5178;4293
5160;4199
5142;4106
5124;4012
5103;3905
5082;3799
5061;3692
5038;3579
5016;3466
4993;3353
4973;3252
4952;3150
4931;3049
4909;2942
4887;2835
4865;2728
4841;2616
4817;2503
4793;2391
4770;2284
4746;2177
4723;2071
4701;1970
4678;1869
4656;1769
4632;1663
4608;1556
4584;1450
4560;1344
4535;1237
4510;1131
4484;1019
4457;907
4430;795
4404;689
4378;583
4352;477
4327;371
4301;264
4276;158
4290;219
4305;280
4319;342
4340;430
4360;519
4380;607
4402;702
4423;797
4443;891
4466;992
4487;1093
4509;1194
4530;1294
4551;1395
4572;1496
4594;1597
4594;1597
4594;1597
4594;1597
4594;1597
4594;1597
4594;1597
4552;1607
4511;1617
4470;1627
4364;1654
4258;1680
4152;1706
4046;1733
3941;1760
3835;1787
3724;1816
3612;1845
3501;1874
3400;1901
3300;1927
3200;1954
3095;1982
2990;2010
2884;2039
2779;2067
2674;2097
2569;2126
2457;2157
2347;2190
2236;2224
2172;2244
2108;2263
2044;2282
2020;2290
1996;2297
1972;2304
1972;2304
1972;2304
1972;2304
1972;2304
1972;2304
1972;2304
1949;2311
1926;2318
1902;2325
1891;2329
1879;2332
1868;2336
1850;2341
1833;2346
1815;2352
1792;2359
1769;2366
1746;2373
1716;2381
1687;2390
1658;2399
1629;2408
1629;2408
1629;2408
1629;2408
1629;2408
1629;2408
1629;2408
1590;2437
1551;2466
1512;2495
1416;2567
1320;2639
1224;2711
1132;2781
1040;2850
949;2920
862;2986
775;3052
689;3119
602;3186
515;3252
428;3319
336;3389
246;3460
155;3531
73;3594
-8;3659
-89;3723
-179;3794
-270;3865
-360;3937
-445;4005
-531;4073
-616;4141
-701;4210
-786;4278
-871;4346
-951;4411
-1031;4476
-1111;4541
-1201;4614
-1290;4687
-1379;4760
-1468;4833
-1556;4906
-1645;4980
-1725;5045
-1804;5111
-1883;5177
-1972;5250
-2061;5323
-2151;5395
-2236;5464
-2321;5532
-2406;5600
-2337;5545
-2267;5490
-2197;5436
-2126;5380
-2054;5324
-1982;5268
-1905;5209
-1828;5150
-1752;5090
-1665;5024
-1579;4957
-1492;4891
-1406;4825
-1319;4759
-1232;4693
-1155;4634
-1086;4566
-1017;4497
-939;4421
-852;4356
-764;4291
-686;4233
-607;4175
-529;4117
-441;4053
-353;3989
-264;3925
-176;3861
-176;3861
-176;3861
-176;3861
-176;3861
-176;3861
-176;3861
-188;3847
-201;3834
-213;3821
-279;3750
-346;3680
-413;3609
-492;3526
-571;3442
-650;3358
-721;3283
-792;3209
-863;3134
-943;3051
-1023;2968
-1103;2885
-1175;2811
-1247;2738
-1319;2664
-1395;2586
-1472;2508
-1548;2431
-1621;2357
-1693;2284
-1766;2211
-1847;2129
-1928;2047
-2009;1965
-2090;1884
-2172;1802
-2253;1721
-2335;1640
-2335;1640
-2335;1640
-2335;1640
-2335;1640
-2335;1640
-2335;1640
-2335;1640
-2335;1640
-2335;1640
-2335;1640
-2336;1598
-2337;1555
-2337;1512
-2338;1403
-2339;1294
-2340;1185
-2340;1063
-2339;942
-2338;820
-2336;698
-2336;698
-2336;698
-2336;698
-2336;698
-2336;698
-2336;698
-2336;698
-2324;701
-2312;703
-2300;705
-2241;716
-2181;726
-2121;737
-2020;755
-1919;773
-1817;790
-1716;808
-1614;825
-1513;843
-1411;860
-1411;860
-1411;860
-1411;860
-1417;890
-1423;920
-1429;949
-1444;1027
-1459;1104
-1473;1182
-1495;1295
-1516;1408
-1537;1521
-1559;1640
-1580;1760
-1602;1879
-1620;1980
-1638;2082
-1656;2183
-1676;2291
-1695;2399
-1713;2507
-1731;2608
-1749;2710
-1766;2811
-1785;2925
-1804;3039
-1823;3152
-1842;3272
-1861;3392
-1880;3511
-1895;3607
-1910;3703
-1925;3799
-1945;3924
-1964;4049
-1982;4174
-1999;4282
-2014;4390
-2030;4498
-2047;4612
-2063;4726
-2079;4840
-2095;4954
-2111;5068
-2126;5183
-2140;5285
-2154;5387
-2167;5489
-2183;5610
-2198;5730
-2213;5850
-2227;5959
-2240;6067
-2253;6175
-2266;6284
-2279;6392
-2292;6501
-2304;6609
-2304;6609
-2304;6609
-2304;6609
-2279;6611
-2253;6613
-2228;6616
-2119;6624
-2010;6632
-1901;6640
-1792;6648
-1684;6655
-1575;6663
-1466;6670
-1357;6678
-1248;6685
-1133;6693
-1018;6701
-903;6708
-788;6716
-673;6723
-558;6729
-449;6736
-340;6741
-231;6747
-128;6753
-25;6758
77;6763
192;6769
307;6777
422;6785
537;6792
652;6801
767;6810
882;6818
882;6818
882;6818
882;6818
882;6818
882;6818
882;6818
934;6802
986;6785
1038;6768
1142;6735
1246;6701
1350;6667
1448;6635
1546;6602
1644;6570
1759;6532
1874;6494
1989;6455
2093;6420
2196;6386
2300;6351
