route-LogFile

0.0;1967020.0
0.1875
0.0;202.0
0.0625
6.223246;297.0
0.3125
16.591679;249.0
0.6875
17.630495;249.0
0.875
16.585417;249.0
1.0
18.665396;249.0
1.0625
17.630808;249.0
1.3125
19.720455;249.0
1.8125
16.593592;249.0
1.8125
19.704994;260.0
2.0
17.632938;249.0
2.375
20.74217;249.0
2.6875
16.593557;249.0
2.9375
18.673666;249.0
3.3125
18.667799;249.0
3.5
18.673922;250.0
3.75
19.70462;249.0
4.125
0.0;2509.0
96.0625
0.0;250.0
96.1875
6.2273617;250.0
96.5625
15.556514;249.0
96.75
18.667795;249.0
96.75
18.667814;249.0
97.1875
18.668135;249.0
97.4375
18.6679;249.0
97.3125
19.704523;249.0
97.625
17.630335;249.0
97.875
18.667227;250.0
98.25
18.677145;259.0
98.375
18.667841;250.0
98.875
17.630377;250.0
98.8125
18.667849;249.0
99.125
17.63042;249.0
99.3125
19.705578;249.0
99.3125
17.630785;249.0
99.5625
0.0;3749.0
190.4375
0.0;250.0
190.6875
3.1113129;249.0
190.6875
15.556724;261.0
191.0
18.681578;248.0
191.25
19.704967;249.0
191.25
17.634901;250.0
191.75
18.668175;249.0
191.6875
19.705395;249.0
192.1875
18.66825;249.0
192.3125
17.643242;249.0
192.75
18.640272;249.0
192.6875
18.667854;249.0
193.1875
19.705294;249.0
193.5625
18.667944;249.0
193.6875
18.667194;250.0
193.4375
-10.370985;259.0
193.1875
-15.556686;249.0
192.8125
-16.593699;249.0
192.4375
-17.636946;249.0
192.0625
-17.63073;249.0
191.8125
0.0;2839.0
283.9375
0.0;200.0
283.6875
7.259526;249.0
283.875
18.667368;249.0
284.0
18.66773;249.0
284.5
19.714605;249.0
284.625
17.64229;250.0
284.875
18.667791;249.0
285.1875
18.667253;249.0
285.5
19.719322;250.0
286.9375
11.414668;249.0
286.875
4.148234;259.0
286.9375
0.0;249.0
286.75
0.0;250.0
286.75
4.1482663;249.0
286.75
2.0741935;249.0
286.75
3.111216;250.0
286.8125
4.148278;249.0
286.8125
5.189631;250.0
286.8125
0.0;779.0
306.875
0.0;220.0
306.6875
8.299686;249.0
306.6875
19.694294;260.0
307.0
19.704138;249.0
307.25
18.671005;249.0
307.5
18.667086;250.0
307.5
19.703798;249.0
308.0
17.630493;250.0
308.25
19.704636;249.0
308.4375
18.671684;249.0
308.6875
18.667685;249.0
308.875
17.644218;249.0
309.0625
19.704716;249.0
309.375
19.704361;249.0
309.5625
17.629766;249.0
309.625
19.70396;249.0
309.0625
18.667639;249.0
308.625
-14.518824;260.0
308.0625
-15.555823;249.0
307.75
-16.592686;249.0
307.625
-18.667135;249.0
307.5
-18.666977;249.0
307.25
-16.59341;249.0
314.6875
-18.667208;249.0
306.5625
-16.592829;250.0
306.3125
-18.67972;249.0
305.9375
0.0;2349.0
222.4375
0.0;200.0
222.75
3.1112773;249.0
223.1875
16.593401;249.0
223.5625
19.704212;249.0
223.3125
17.629642;249.0
223.6875
19.70435;249.0
224.0
17.630407;249.0
224.375
18.666817;249.0
224.625
17.641499;249.0
224.6875
19.704895;249.0
224.75
19.704699;249.0
225.25
0.0;1009.0
204.0
0.0;749.0
182.0625
0.0;249.0
181.1875
7.2631207;250.0
180.6875
18.667732;249.0
180.3125
20.741968;250.0
179.375
0.0;3289.0
87.75
0.0;2719.0
79.5625
2.0740988;250.0
79.5625
10.370599;249.0
80.0
17.612173;249.0
80.0625
17.630293;249.0
80.375
0.0;2759.0
348.625
5.185444;250.0
348.9375
13.4818325;249.0
349.1875
19.70432;249.0
349.5625
20.740988;249.0
349.75
17.629667;249.0
349.875
18.66685;250.0
350.0625
17.62975;249.0
350.3125
19.704166;249.0
350.6875
20.741787;249.0
351.0
16.592953;249.0
351.0625
20.74087;260.0
351.5
18.679422;249.0
351.6875
19.703909;249.0
352.0
19.71594;249.0
352.1875
17.6471;249.0
352.5625
20.756784;249.0
352.8125
18.682032;249.0
353.0625
18.68361;249.0
353.3125
0.0;2499.0
85.125
5.186761;210.0
85.3125
15.556356;299.0
85.9375
18.679403;249.0
86.0
18.678324;249.0
86.0625
19.704676;249.0
86.25
19.711004;249.0
86.6875
18.678598;249.0
86.9375
17.63013;249.0
87.0625
19.704432;249.0
86.1875
19.70477;249.0
85.6875
0.0;759.0
107.6875
0.0;250.0
107.5625
9.333821;249.0
107.875
18.667686;250.0
108.0625
17.630411;249.0
108.25
20.74177;249.0
108.5625
18.667799;250.0
108.4375
