route-LogFile

0.0;109380.0
0.0
0.0;200.0
359.9375
8.298719;249.0
0.3125
20.744871;249.0
0.6875
16.593557;249.0
0.9375
20.75581;249.0
1.375
20.741985;249.0
1.5
20.741674;249.0
1.625
19.70442;249.0
1.75
20.741373;249.0
2.0
20.741322;249.0
2.125
20.741072;249.0
2.3125
18.667246;259.0
2.625
19.70426;249.0
3.0
20.74131;249.0
3.25
20.74124;249.0
3.3125
0.0;1509.0
90.3125
0.0;240.0
90.5
15.555967;249.0
90.5625
20.741549;249.0
90.875
20.741364;259.0
90.9375
20.741432;249.0
91.375
20.741104;249.0
91.3125
20.741726;250.0
91.5625
19.70407;259.0
91.6875
20.741732;240.0
92.0
20.74118;249.0
92.0625
20.75226;249.0
92.3125
20.743605;249.0
92.5
20.740992;250.0
92.75
20.74207;249.0
92.8125
20.753616;249.0
93.0625
17.630295;260.0
93.25
0.0;1338.0
149.9375
0.0;199.0
148.5625
0.0;589.0
165.9375
0.0;199.0
164.375
8.296886;250.0
162.375
0.0;589.0
186.4375
0.0;200.0
186.625
7.263973;249.0
187.0
16.593111;249.0
187.0625
21.790504;249.0
187.4375
18.667295;249.0
187.625
20.745207;249.0
186.9375
20.757618;250.0
184.6875
22.815115;250.0
183.25
21.79941;249.0
181.6875
20.762316;249.0
180.1875
21.784061;249.0
178.1875
22.816183;250.0
176.625
0.0;1599.0
264.5625
0.0;199.0
263.9375
6.2225027;249.0
261.8125
0.0;579.0
282.5625
0.0;200.0
281.875
11.40809;249.0
282.1875
0.0;1599.0
16.0
0.0;190.0
15.8125
9.33356;249.0
16.125
17.629927;249.0
16.25
20.74107;249.0
16.5
20.741028;249.0
16.5625
