This is pdfTeX, Version 3.14159265-2.6-1.40.19 (TeX Live 2019/dev/Debian) (preloaded format=pdflatex 2020.1.8)  29 JAN 2020 18:37
entering extended mode
 restricted \write18 enabled.
 %&-line parsing enabled.
**presentation_team00.tex
(./presentation_team00.tex
LaTeX2e <2018-12-01>
(/usr/share/texlive/texmf-dist/tex/latex/beamer/beamer.cls
Document Class: beamer 2018/12/02 v3.55 A class for typesetting presentations
(/usr/share/texlive/texmf-dist/tex/latex/beamer/beamerbasemodes.sty
(/usr/share/texlive/texmf-dist/tex/latex/etoolbox/etoolbox.sty
Package: etoolbox 2018/08/19 v2.5f e-TeX tools for LaTeX (JAW)
\etb@tempcnta=\count80
)
\beamer@tempbox=\box27
\beamer@tempcount=\count81
\c@beamerpauses=\count82

(/usr/share/texlive/texmf-dist/tex/latex/beamer/beamerbasedecode.sty
\beamer@slideinframe=\count83
\beamer@minimum=\count84
)
\beamer@commentbox=\box28
\beamer@modecount=\count85
)
(/usr/share/texlive/texmf-dist/tex/generic/oberdiek/ifpdf.sty
Package: ifpdf 2018/09/07 v3.3 Provides the ifpdf switch
)
\headdp=\dimen102
\footheight=\dimen103
\sidebarheight=\dimen104
\beamer@tempdim=\dimen105
\beamer@finalheight=\dimen106
\beamer@animht=\dimen107
\beamer@animdp=\dimen108
\beamer@animwd=\dimen109
\beamer@leftmargin=\dimen110
\beamer@rightmargin=\dimen111
\beamer@leftsidebar=\dimen112
\beamer@rightsidebar=\dimen113
\beamer@boxsize=\dimen114
\beamer@vboxoffset=\dimen115
\beamer@descdefault=\dimen116
\beamer@descriptionwidth=\dimen117
\beamer@lastskip=\skip41
\beamer@areabox=\box29
\beamer@animcurrent=\box30
\beamer@animshowbox=\box31
\beamer@sectionbox=\box32
\beamer@logobox=\box33
\beamer@linebox=\box34
\beamer@sectioncount=\count86
\beamer@subsubsectionmax=\count87
\beamer@subsectionmax=\count88
\beamer@sectionmax=\count89
\beamer@totalheads=\count90
\beamer@headcounter=\count91
\beamer@partstartpage=\count92
\beamer@sectionstartpage=\count93
\beamer@subsectionstartpage=\count94
\beamer@animationtempa=\count95
\beamer@animationtempb=\count96
\beamer@xpos=\count97
\beamer@ypos=\count98
\beamer@ypos@offset=\count99
\beamer@showpartnumber=\count100
\beamer@currentsubsection=\count101
\beamer@coveringdepth=\count102
\beamer@sectionadjust=\count103
\beamer@tocsectionnumber=\count104

(/usr/share/texlive/texmf-dist/tex/latex/beamer/beamerbaseoptions.sty
(/usr/share/texlive/texmf-dist/tex/latex/graphics/keyval.sty
Package: keyval 2014/10/28 v1.15 key=value parser (DPC)
\KV@toks@=\toks14
))
\beamer@paperwidth=\skip42
\beamer@paperheight=\skip43

(/usr/share/texlive/texmf-dist/tex/latex/geometry/geometry.sty
Package: geometry 2018/04/16 v5.8 Page Geometry

(/usr/share/texlive/texmf-dist/tex/generic/oberdiek/ifvtex.sty
Package: ifvtex 2016/05/16 v1.6 Detect VTeX and its facilities (HO)
Package ifvtex Info: VTeX not detected.
)
(/usr/share/texlive/texmf-dist/tex/generic/ifxetex/ifxetex.sty
Package: ifxetex 2010/09/12 v0.6 Provides ifxetex conditional
)
\Gm@cnth=\count105
\Gm@cntv=\count106
\c@Gm@tempcnt=\count107
\Gm@bindingoffset=\dimen118
\Gm@wd@mp=\dimen119
\Gm@odd@mp=\dimen120
\Gm@even@mp=\dimen121
\Gm@layoutwidth=\dimen122
\Gm@layoutheight=\dimen123
\Gm@layouthoffset=\dimen124
\Gm@layoutvoffset=\dimen125
\Gm@dimlist=\toks15
)
(/usr/share/texlive/texmf-dist/tex/latex/base/size11.clo
File: size11.clo 2018/09/03 v1.4i Standard LaTeX file (size option)
)
(/usr/share/texlive/texmf-dist/tex/latex/pgf/basiclayer/pgfcore.sty
(/usr/share/texlive/texmf-dist/tex/latex/graphics/graphicx.sty
Package: graphicx 2017/06/01 v1.1a Enhanced LaTeX Graphics (DPC,SPQR)

(/usr/share/texlive/texmf-dist/tex/latex/graphics/graphics.sty
Package: graphics 2017/06/25 v1.2c Standard LaTeX Graphics (DPC,SPQR)

(/usr/share/texlive/texmf-dist/tex/latex/graphics/trig.sty
Package: trig 2016/01/03 v1.10 sin cos tan (DPC)
)
(/usr/share/texlive/texmf-dist/tex/latex/graphics-cfg/graphics.cfg
File: graphics.cfg 2016/06/04 v1.11 sample graphics configuration
)
Package graphics Info: Driver file: pdftex.def on input line 99.

(/usr/share/texlive/texmf-dist/tex/latex/graphics-def/pdftex.def
File: pdftex.def 2018/01/08 v1.0l Graphics/color driver for pdftex
))
\Gin@req@height=\dimen126
\Gin@req@width=\dimen127
)
(/usr/share/texlive/texmf-dist/tex/latex/pgf/systemlayer/pgfsys.sty
(/usr/share/texlive/texmf-dist/tex/latex/pgf/utilities/pgfrcs.sty
(/usr/share/texlive/texmf-dist/tex/generic/pgf/utilities/pgfutil-common.tex
\pgfutil@everybye=\toks16
\pgfutil@tempdima=\dimen128
\pgfutil@tempdimb=\dimen129

(/usr/share/texlive/texmf-dist/tex/generic/pgf/utilities/pgfutil-common-lists.t
ex)) (/usr/share/texlive/texmf-dist/tex/generic/pgf/utilities/pgfutil-latex.def
\pgfutil@abb=\box35
(/usr/share/texlive/texmf-dist/tex/latex/ms/everyshi.sty
Package: everyshi 2001/05/15 v3.00 EveryShipout Package (MS)
))
(/usr/share/texlive/texmf-dist/tex/generic/pgf/utilities/pgfrcs.code.tex
(/usr/share/texlive/texmf-dist/tex/generic/pgf/pgf.revision.tex)
Package: pgfrcs 2019/02/02 v3.1.1 (3.1.1)
))
(/usr/share/texlive/texmf-dist/tex/generic/pgf/systemlayer/pgfsys.code.tex
Package: pgfsys 2019/02/02 v3.1.1 (3.1.1)

(/usr/share/texlive/texmf-dist/tex/generic/pgf/utilities/pgfkeys.code.tex
\pgfkeys@pathtoks=\toks17
\pgfkeys@temptoks=\toks18

(/usr/share/texlive/texmf-dist/tex/generic/pgf/utilities/pgfkeysfiltered.code.t
ex
\pgfkeys@tmptoks=\toks19
))
\pgf@x=\dimen130
\pgf@y=\dimen131
\pgf@xa=\dimen132
\pgf@ya=\dimen133
\pgf@xb=\dimen134
\pgf@yb=\dimen135
\pgf@xc=\dimen136
\pgf@yc=\dimen137
\w@pgf@writea=\write3
\r@pgf@reada=\read1
\c@pgf@counta=\count108
\c@pgf@countb=\count109
\c@pgf@countc=\count110
\c@pgf@countd=\count111
\t@pgf@toka=\toks20
\t@pgf@tokb=\toks21
\t@pgf@tokc=\toks22
\pgf@sys@id@count=\count112
 (/usr/share/texlive/texmf-dist/tex/generic/pgf/systemlayer/pgf.cfg
File: pgf.cfg 2019/02/02 v3.1.1 (3.1.1)
)
Driver file for pgf: pgfsys-pdftex.def

(/usr/share/texlive/texmf-dist/tex/generic/pgf/systemlayer/pgfsys-pdftex.def
File: pgfsys-pdftex.def 2019/02/02 v3.1.1 (3.1.1)

(/usr/share/texlive/texmf-dist/tex/generic/pgf/systemlayer/pgfsys-common-pdf.de
f
File: pgfsys-common-pdf.def 2019/02/02 v3.1.1 (3.1.1)
)))
(/usr/share/texlive/texmf-dist/tex/generic/pgf/systemlayer/pgfsyssoftpath.code.
tex
File: pgfsyssoftpath.code.tex 2019/02/02 v3.1.1 (3.1.1)
\pgfsyssoftpath@smallbuffer@items=\count113
\pgfsyssoftpath@bigbuffer@items=\count114
)
(/usr/share/texlive/texmf-dist/tex/generic/pgf/systemlayer/pgfsysprotocol.code.
tex
File: pgfsysprotocol.code.tex 2019/02/02 v3.1.1 (3.1.1)
)) (/usr/share/texlive/texmf-dist/tex/latex/xcolor/xcolor.sty
Package: xcolor 2016/05/11 v2.12 LaTeX color extensions (UK)

(/usr/share/texlive/texmf-dist/tex/latex/graphics-cfg/color.cfg
File: color.cfg 2016/01/02 v1.6 sample color configuration
)
Package xcolor Info: Driver file: pdftex.def on input line 225.
Package xcolor Info: Model `cmy' substituted by `cmy0' on input line 1348.
Package xcolor Info: Model `hsb' substituted by `rgb' on input line 1352.
Package xcolor Info: Model `RGB' extended on input line 1364.
Package xcolor Info: Model `HTML' substituted by `rgb' on input line 1366.
Package xcolor Info: Model `Hsb' substituted by `hsb' on input line 1367.
Package xcolor Info: Model `tHsb' substituted by `hsb' on input line 1368.
Package xcolor Info: Model `HSB' substituted by `hsb' on input line 1369.
Package xcolor Info: Model `Gray' substituted by `gray' on input line 1370.
Package xcolor Info: Model `wave' substituted by `hsb' on input line 1371.
)
(/usr/share/texlive/texmf-dist/tex/generic/pgf/basiclayer/pgfcore.code.tex
Package: pgfcore 2019/02/02 v3.1.1 (3.1.1)

(/usr/share/texlive/texmf-dist/tex/generic/pgf/math/pgfmath.code.tex
(/usr/share/texlive/texmf-dist/tex/generic/pgf/math/pgfmathcalc.code.tex
(/usr/share/texlive/texmf-dist/tex/generic/pgf/math/pgfmathutil.code.tex)
(/usr/share/texlive/texmf-dist/tex/generic/pgf/math/pgfmathparser.code.tex
\pgfmath@dimen=\dimen138
\pgfmath@count=\count115
\pgfmath@box=\box36
\pgfmath@toks=\toks23
\pgfmath@stack@operand=\toks24
\pgfmath@stack@operation=\toks25
)
(/usr/share/texlive/texmf-dist/tex/generic/pgf/math/pgfmathfunctions.code.tex
(/usr/share/texlive/texmf-dist/tex/generic/pgf/math/pgfmathfunctions.basic.code
.tex)
(/usr/share/texlive/texmf-dist/tex/generic/pgf/math/pgfmathfunctions.trigonomet
ric.code.tex)
(/usr/share/texlive/texmf-dist/tex/generic/pgf/math/pgfmathfunctions.random.cod
e.tex)
(/usr/share/texlive/texmf-dist/tex/generic/pgf/math/pgfmathfunctions.comparison
.code.tex)
(/usr/share/texlive/texmf-dist/tex/generic/pgf/math/pgfmathfunctions.base.code.
tex)
(/usr/share/texlive/texmf-dist/tex/generic/pgf/math/pgfmathfunctions.round.code
.tex)
(/usr/share/texlive/texmf-dist/tex/generic/pgf/math/pgfmathfunctions.misc.code.
tex)
(/usr/share/texlive/texmf-dist/tex/generic/pgf/math/pgfmathfunctions.integerari
thmetics.code.tex)))
(/usr/share/texlive/texmf-dist/tex/generic/pgf/math/pgfmathfloat.code.tex
\c@pgfmathroundto@lastzeros=\count116
))
(/usr/share/texlive/texmf-dist/tex/generic/pgf/basiclayer/pgfcorepoints.code.te
x
File: pgfcorepoints.code.tex 2019/02/02 v3.1.1 (3.1.1)
\pgf@picminx=\dimen139
\pgf@picmaxx=\dimen140
\pgf@picminy=\dimen141
\pgf@picmaxy=\dimen142
\pgf@pathminx=\dimen143
\pgf@pathmaxx=\dimen144
\pgf@pathminy=\dimen145
\pgf@pathmaxy=\dimen146
\pgf@xx=\dimen147
\pgf@xy=\dimen148
\pgf@yx=\dimen149
\pgf@yy=\dimen150
\pgf@zx=\dimen151
\pgf@zy=\dimen152
)
(/usr/share/texlive/texmf-dist/tex/generic/pgf/basiclayer/pgfcorepathconstruct.
code.tex
File: pgfcorepathconstruct.code.tex 2019/02/02 v3.1.1 (3.1.1)
\pgf@path@lastx=\dimen153
\pgf@path@lasty=\dimen154
)
(/usr/share/texlive/texmf-dist/tex/generic/pgf/basiclayer/pgfcorepathusage.code
.tex
File: pgfcorepathusage.code.tex 2019/02/02 v3.1.1 (3.1.1)
\pgf@shorten@end@additional=\dimen155
\pgf@shorten@start@additional=\dimen156
)
(/usr/share/texlive/texmf-dist/tex/generic/pgf/basiclayer/pgfcorescopes.code.te
x
File: pgfcorescopes.code.tex 2019/02/02 v3.1.1 (3.1.1)
\pgfpic=\box37
\pgf@hbox=\box38
\pgf@layerbox@main=\box39
\pgf@picture@serial@count=\count117
)
(/usr/share/texlive/texmf-dist/tex/generic/pgf/basiclayer/pgfcoregraphicstate.c
ode.tex
File: pgfcoregraphicstate.code.tex 2019/02/02 v3.1.1 (3.1.1)
\pgflinewidth=\dimen157
)
(/usr/share/texlive/texmf-dist/tex/generic/pgf/basiclayer/pgfcoretransformation
s.code.tex
File: pgfcoretransformations.code.tex 2019/02/02 v3.1.1 (3.1.1)
\pgf@pt@x=\dimen158
\pgf@pt@y=\dimen159
\pgf@pt@temp=\dimen160
)
(/usr/share/texlive/texmf-dist/tex/generic/pgf/basiclayer/pgfcorequick.code.tex
File: pgfcorequick.code.tex 2019/02/02 v3.1.1 (3.1.1)
)
(/usr/share/texlive/texmf-dist/tex/generic/pgf/basiclayer/pgfcoreobjects.code.t
ex
File: pgfcoreobjects.code.tex 2019/02/02 v3.1.1 (3.1.1)
)
(/usr/share/texlive/texmf-dist/tex/generic/pgf/basiclayer/pgfcorepathprocessing
.code.tex
File: pgfcorepathprocessing.code.tex 2019/02/02 v3.1.1 (3.1.1)
)
(/usr/share/texlive/texmf-dist/tex/generic/pgf/basiclayer/pgfcorearrows.code.te
x
File: pgfcorearrows.code.tex 2019/02/02 v3.1.1 (3.1.1)
\pgfarrowsep=\dimen161
)
(/usr/share/texlive/texmf-dist/tex/generic/pgf/basiclayer/pgfcoreshade.code.tex
File: pgfcoreshade.code.tex 2019/02/02 v3.1.1 (3.1.1)
\pgf@max=\dimen162
\pgf@sys@shading@range@num=\count118
)
(/usr/share/texlive/texmf-dist/tex/generic/pgf/basiclayer/pgfcoreimage.code.tex
File: pgfcoreimage.code.tex 2019/02/02 v3.1.1 (3.1.1)

(/usr/share/texlive/texmf-dist/tex/generic/pgf/basiclayer/pgfcoreexternal.code.
tex
File: pgfcoreexternal.code.tex 2019/02/02 v3.1.1 (3.1.1)
\pgfexternal@startupbox=\box40
))
(/usr/share/texlive/texmf-dist/tex/generic/pgf/basiclayer/pgfcorelayers.code.te
x
File: pgfcorelayers.code.tex 2019/02/02 v3.1.1 (3.1.1)
)
(/usr/share/texlive/texmf-dist/tex/generic/pgf/basiclayer/pgfcoretransparency.c
ode.tex
File: pgfcoretransparency.code.tex 2019/02/02 v3.1.1 (3.1.1)
)
(/usr/share/texlive/texmf-dist/tex/generic/pgf/basiclayer/pgfcorepatterns.code.
tex
File: pgfcorepatterns.code.tex 2019/02/02 v3.1.1 (3.1.1)
)
(/usr/share/texlive/texmf-dist/tex/generic/pgf/basiclayer/pgfcorerdf.code.tex
File: pgfcorerdf.code.tex 2019/02/02 v3.1.1 (3.1.1)
))) (/usr/share/texlive/texmf-dist/tex/latex/pgf/utilities/xxcolor.sty
Package: xxcolor 2003/10/24 ver 0.1
\XC@nummixins=\count119
\XC@countmixins=\count120
)
(/usr/share/texlive/texmf-dist/tex/generic/oberdiek/atbegshi.sty
Package: atbegshi 2016/06/09 v1.18 At begin shipout hook (HO)

(/usr/share/texlive/texmf-dist/tex/generic/oberdiek/infwarerr.sty
Package: infwarerr 2016/05/16 v1.4 Providing info/warning/error messages (HO)
)
(/usr/share/texlive/texmf-dist/tex/generic/oberdiek/ltxcmds.sty
Package: ltxcmds 2016/05/16 v1.23 LaTeX kernel commands for general use (HO)
))
(/usr/share/texlive/texmf-dist/tex/latex/hyperref/hyperref.sty
Package: hyperref 2018/11/30 v6.88e Hypertext links for LaTeX

(/usr/share/texlive/texmf-dist/tex/generic/oberdiek/hobsub-hyperref.sty
Package: hobsub-hyperref 2016/05/16 v1.14 Bundle oberdiek, subset hyperref (HO)


(/usr/share/texlive/texmf-dist/tex/generic/oberdiek/hobsub-generic.sty
Package: hobsub-generic 2016/05/16 v1.14 Bundle oberdiek, subset generic (HO)
Package: hobsub 2016/05/16 v1.14 Construct package bundles (HO)
Package hobsub Info: Skipping package `infwarerr' (already loaded).
Package hobsub Info: Skipping package `ltxcmds' (already loaded).
Package: ifluatex 2016/05/16 v1.4 Provides the ifluatex switch (HO)
Package ifluatex Info: LuaTeX not detected.
Package hobsub Info: Skipping package `ifvtex' (already loaded).
Package: intcalc 2016/05/16 v1.2 Expandable calculations with integers (HO)
Package hobsub Info: Skipping package `ifpdf' (already loaded).
Package: etexcmds 2016/05/16 v1.6 Avoid name clashes with e-TeX commands (HO)
Package: kvsetkeys 2016/05/16 v1.17 Key value parser (HO)
Package: kvdefinekeys 2016/05/16 v1.4 Define keys (HO)
Package: pdftexcmds 2018/09/10 v0.29 Utility functions of pdfTeX for LuaTeX (HO
)
Package pdftexcmds Info: LuaTeX not detected.
Package pdftexcmds Info: \pdf@primitive is available.
Package pdftexcmds Info: \pdf@ifprimitive is available.
Package pdftexcmds Info: \pdfdraftmode found.
Package: pdfescape 2016/05/16 v1.14 Implements pdfTeX's escape features (HO)
Package: bigintcalc 2016/05/16 v1.4 Expandable calculations on big integers (HO
)
Package: bitset 2016/05/16 v1.2 Handle bit-vector datatype (HO)
Package: uniquecounter 2016/05/16 v1.3 Provide unlimited unique counter (HO)
)
Package hobsub Info: Skipping package `hobsub' (already loaded).
Package: letltxmacro 2016/05/16 v1.5 Let assignment for LaTeX macros (HO)
Package: hopatch 2016/05/16 v1.3 Wrapper for package hooks (HO)
Package: xcolor-patch 2016/05/16 xcolor patch
Package: atveryend 2016/05/16 v1.9 Hooks at the very end of document (HO)
Package hobsub Info: Skipping package `atbegshi' (already loaded).
Package: refcount 2016/05/16 v3.5 Data extraction from label references (HO)
Package: hycolor 2016/05/16 v1.8 Color options for hyperref/bookmark (HO)
)
(/usr/share/texlive/texmf-dist/tex/latex/oberdiek/auxhook.sty
Package: auxhook 2016/05/16 v1.4 Hooks for auxiliary files (HO)
)
(/usr/share/texlive/texmf-dist/tex/latex/oberdiek/kvoptions.sty
Package: kvoptions 2016/05/16 v3.12 Key value format for package options (HO)
)
\@linkdim=\dimen163
\Hy@linkcounter=\count121
\Hy@pagecounter=\count122

(/usr/share/texlive/texmf-dist/tex/latex/hyperref/pd1enc.def
File: pd1enc.def 2018/11/30 v6.88e Hyperref: PDFDocEncoding definition (HO)
Now handling font encoding PD1 ...
... no UTF-8 mapping file for font encoding PD1
)
\Hy@SavedSpaceFactor=\count123

(/usr/share/texlive/texmf-dist/tex/latex/latexconfig/hyperref.cfg
File: hyperref.cfg 2002/06/06 v1.2 hyperref configuration of TeXLive
)
Package hyperref Info: Option `bookmarks' set `true' on input line 4393.
Package hyperref Info: Option `bookmarksopen' set `true' on input line 4393.
Package hyperref Info: Option `implicit' set `false' on input line 4393.
Package hyperref Info: Hyper figures OFF on input line 4519.
Package hyperref Info: Link nesting OFF on input line 4524.
Package hyperref Info: Hyper index ON on input line 4527.
Package hyperref Info: Plain pages OFF on input line 4534.
Package hyperref Info: Backreferencing OFF on input line 4539.
Package hyperref Info: Implicit mode OFF; no redefinition of LaTeX internals.
Package hyperref Info: Bookmarks ON on input line 4772.
\c@Hy@tempcnt=\count124

(/usr/share/texlive/texmf-dist/tex/latex/url/url.sty
\Urlmuskip=\muskip10
Package: url 2013/09/16  ver 3.4  Verb mode for urls, etc.
)
LaTeX Info: Redefining \url on input line 5125.
\XeTeXLinkMargin=\dimen164
\Fld@menulength=\count125
\Field@Width=\dimen165
\Fld@charsize=\dimen166
Package hyperref Info: Hyper figures OFF on input line 6380.
Package hyperref Info: Link nesting OFF on input line 6385.
Package hyperref Info: Hyper index ON on input line 6388.
Package hyperref Info: backreferencing OFF on input line 6395.
Package hyperref Info: Link coloring OFF on input line 6400.
Package hyperref Info: Link coloring with OCG OFF on input line 6405.
Package hyperref Info: PDF/A mode OFF on input line 6410.
LaTeX Info: Redefining \ref on input line 6450.
LaTeX Info: Redefining \pageref on input line 6454.
\Hy@abspage=\count126


Package hyperref Message: Stopped early.

)
Package hyperref Info: Driver (autodetected): hpdftex.
 (/usr/share/texlive/texmf-dist/tex/latex/hyperref/hpdftex.def
File: hpdftex.def 2018/11/30 v6.88e Hyperref driver for pdfTeX
\Fld@listcount=\count127
\c@bookmark@seq@number=\count128

(/usr/share/texlive/texmf-dist/tex/latex/oberdiek/rerunfilecheck.sty
Package: rerunfilecheck 2016/05/16 v1.8 Rerun checks for auxiliary files (HO)
Package uniquecounter Info: New unique counter `rerunfilecheck' on input line 2
82.
))
(/usr/share/texlive/texmf-dist/tex/latex/beamer/beamerbaserequires.sty
(/usr/share/texlive/texmf-dist/tex/latex/beamer/beamerbasecompatibility.sty)
(/usr/share/texlive/texmf-dist/tex/latex/beamer/beamerbasefont.sty
(/usr/share/texlive/texmf-dist/tex/latex/amsfonts/amssymb.sty
Package: amssymb 2013/01/14 v3.01 AMS font symbols

(/usr/share/texlive/texmf-dist/tex/latex/amsfonts/amsfonts.sty
Package: amsfonts 2013/01/14 v3.01 Basic AMSFonts support
\@emptytoks=\toks26
\symAMSa=\mathgroup4
\symAMSb=\mathgroup5
LaTeX Font Info:    Overwriting math alphabet `\mathfrak' in version `bold'
(Font)                  U/euf/m/n --> U/euf/b/n on input line 106.
)))
(/usr/share/texlive/texmf-dist/tex/latex/beamer/beamerbasetranslator.sty
(/usr/share/texlive/texmf-dist/tex/latex/translator/translator.sty
Package: translator 2018/01/04 v1.12 Easy translation of strings in LaTeX
))
(/usr/share/texlive/texmf-dist/tex/latex/beamer/beamerbasemisc.sty)
(/usr/share/texlive/texmf-dist/tex/latex/beamer/beamerbasetwoscreens.sty)
(/usr/share/texlive/texmf-dist/tex/latex/beamer/beamerbaseoverlay.sty
\beamer@argscount=\count129
\beamer@lastskipcover=\skip44
\beamer@trivlistdepth=\count130
)
(/usr/share/texlive/texmf-dist/tex/latex/beamer/beamerbasetitle.sty)
(/usr/share/texlive/texmf-dist/tex/latex/beamer/beamerbasesection.sty
\c@lecture=\count131
\c@part=\count132
\c@section=\count133
\c@subsection=\count134
\c@subsubsection=\count135
)
(/usr/share/texlive/texmf-dist/tex/latex/beamer/beamerbaseframe.sty
\beamer@framebox=\box41
\beamer@frametitlebox=\box42
\beamer@zoombox=\box43
\beamer@zoomcount=\count136
\beamer@zoomframecount=\count137
\beamer@frametextheight=\dimen167
\c@subsectionslide=\count138
\beamer@frametopskip=\skip45
\beamer@framebottomskip=\skip46
\beamer@frametopskipautobreak=\skip47
\beamer@framebottomskipautobreak=\skip48
\beamer@envbody=\toks27
\framewidth=\dimen168
\c@framenumber=\count139
)
(/usr/share/texlive/texmf-dist/tex/latex/beamer/beamerbaseverbatim.sty
\beamer@verbatimfileout=\write4
)
(/usr/share/texlive/texmf-dist/tex/latex/beamer/beamerbaseframesize.sty
\beamer@splitbox=\box44
\beamer@autobreakcount=\count140
\beamer@autobreaklastheight=\dimen169
\beamer@frametitletoks=\toks28
\beamer@framesubtitletoks=\toks29
)
(/usr/share/texlive/texmf-dist/tex/latex/beamer/beamerbaseframecomponents.sty
\beamer@footins=\box45
)
(/usr/share/texlive/texmf-dist/tex/latex/beamer/beamerbasecolor.sty)
(/usr/share/texlive/texmf-dist/tex/latex/beamer/beamerbasenotes.sty
\beamer@frameboxcopy=\box46
)
(/usr/share/texlive/texmf-dist/tex/latex/beamer/beamerbasetoc.sty)
(/usr/share/texlive/texmf-dist/tex/latex/beamer/beamerbasetemplates.sty
\beamer@sbttoks=\toks30

(/usr/share/texlive/texmf-dist/tex/latex/beamer/beamerbaseauxtemplates.sty
(/usr/share/texlive/texmf-dist/tex/latex/beamer/beamerbaseboxes.sty
\bmb@box=\box47
\bmb@colorbox=\box48
\bmb@boxshadow=\box49
\bmb@boxshadowball=\box50
\bmb@boxshadowballlarge=\box51
\bmb@temp=\dimen170
\bmb@dima=\dimen171
\bmb@dimb=\dimen172
\bmb@prevheight=\dimen173
)
\beamer@blockheadheight=\dimen174
))
(/usr/share/texlive/texmf-dist/tex/latex/beamer/beamerbaselocalstructure.sty
(/usr/share/texlive/texmf-dist/tex/latex/tools/enumerate.sty
Package: enumerate 2015/07/23 v3.00 enumerate extensions (DPC)
\@enLab=\toks31
)
\c@figure=\count141
\c@table=\count142
\abovecaptionskip=\skip49
\belowcaptionskip=\skip50
)
(/usr/share/texlive/texmf-dist/tex/latex/beamer/beamerbasenavigation.sty
\beamer@section@min@dim=\dimen175
)
(/usr/share/texlive/texmf-dist/tex/latex/beamer/beamerbasetheorems.sty
(/usr/share/texlive/texmf-dist/tex/latex/amsmath/amsmath.sty
Package: amsmath 2018/12/01 v2.17b AMS math features
\@mathmargin=\skip51

For additional information on amsmath, use the `?' option.
(/usr/share/texlive/texmf-dist/tex/latex/amsmath/amstext.sty
Package: amstext 2000/06/29 v2.01 AMS text

(/usr/share/texlive/texmf-dist/tex/latex/amsmath/amsgen.sty
File: amsgen.sty 1999/11/30 v2.0 generic functions
\@emptytoks=\toks32
\ex@=\dimen176
))
(/usr/share/texlive/texmf-dist/tex/latex/amsmath/amsbsy.sty
Package: amsbsy 1999/11/29 v1.2d Bold Symbols
\pmbraise@=\dimen177
)
(/usr/share/texlive/texmf-dist/tex/latex/amsmath/amsopn.sty
Package: amsopn 2016/03/08 v2.02 operator names
)
\inf@bad=\count143
LaTeX Info: Redefining \frac on input line 223.
\uproot@=\count144
\leftroot@=\count145
LaTeX Info: Redefining \overline on input line 385.
\classnum@=\count146
\DOTSCASE@=\count147
LaTeX Info: Redefining \ldots on input line 482.
LaTeX Info: Redefining \dots on input line 485.
LaTeX Info: Redefining \cdots on input line 606.
\Mathstrutbox@=\box52
\strutbox@=\box53
\big@size=\dimen178
LaTeX Font Info:    Redeclaring font encoding OML on input line 729.
LaTeX Font Info:    Redeclaring font encoding OMS on input line 730.
\macc@depth=\count148
\c@MaxMatrixCols=\count149
\dotsspace@=\muskip11
\c@parentequation=\count150
\dspbrk@lvl=\count151
\tag@help=\toks33
\row@=\count152
\column@=\count153
\maxfields@=\count154
\andhelp@=\toks34
\eqnshift@=\dimen179
\alignsep@=\dimen180
\tagshift@=\dimen181
\tagwidth@=\dimen182
\totwidth@=\dimen183
\lineht@=\dimen184
\@envbody=\toks35
\multlinegap=\skip52
\multlinetaggap=\skip53
\mathdisplay@stack=\toks36
LaTeX Info: Redefining \[ on input line 2844.
LaTeX Info: Redefining \] on input line 2845.
)
(/usr/share/texlive/texmf-dist/tex/latex/amscls/amsthm.sty
Package: amsthm 2017/10/31 v2.20.4
\thm@style=\toks37
\thm@bodyfont=\toks38
\thm@headfont=\toks39
\thm@notefont=\toks40
\thm@headpunct=\toks41
\thm@preskip=\skip54
\thm@postskip=\skip55
\thm@headsep=\skip56
\dth@everypar=\toks42
)
\c@theorem=\count155
)
(/usr/share/texlive/texmf-dist/tex/latex/beamer/beamerbasethemes.sty))
(/usr/share/texlive/texmf-dist/tex/latex/beamer/beamerthemedefault.sty
(/usr/share/texlive/texmf-dist/tex/latex/beamer/beamerfontthemedefault.sty)
(/usr/share/texlive/texmf-dist/tex/latex/beamer/beamercolorthemedefault.sty)
(/usr/share/texlive/texmf-dist/tex/latex/beamer/beamerinnerthemedefault.sty
\beamer@dima=\dimen185
\beamer@dimb=\dimen186
)
(/usr/share/texlive/texmf-dist/tex/latex/beamer/beamerouterthemedefault.sty)))
(/usr/share/texlive/texmf-dist/tex/generic/babel/babel.sty
Package: babel 2018/11/13 3.27 The Babel package

(/usr/share/texlive/texmf-dist/tex/generic/babel/switch.def
File: switch.def 2018/11/13 3.27 Babel switching mechanism
)
(/usr/share/texlive/texmf-dist/tex/generic/babel-english/english.ldf
Language: english 2017/06/06 v3.3r English support from the babel system

(/usr/share/texlive/texmf-dist/tex/generic/babel/babel.def
File: babel.def 2018/11/13 3.27 Babel common definitions
\babel@savecnt=\count156
\U@D=\dimen187

(/usr/share/texlive/texmf-dist/tex/generic/babel/txtbabel.def)
LaTeX Info: Redefining \textlatin on input line 2003.
\bbl@dirlevel=\count157
)
\l@canadian = a dialect from \language\l@american 
\l@australian = a dialect from \language\l@british 
\l@newzealand = a dialect from \language\l@british 
))
(/usr/share/texlive/texmf-dist/tex/latex/base/inputenc.sty
Package: inputenc 2018/08/11 v1.3c Input encoding file
\inpenc@prehook=\toks43
\inpenc@posthook=\toks44
)
(/usr/share/texlive/texmf-dist/tex/latex/moresize/moresize.sty
Package: moresize 1999/07/26 v1.9 (more font sizes)
)
(/usr/share/texlive/texmf-dist/tex/latex/psnfss/mathptmx.sty
Package: mathptmx 2005/04/12 PSNFSS-v9.2a Times w/ Math, improved (SPQR, WaS) 
LaTeX Font Info:    Redeclaring symbol font `operators' on input line 28.
LaTeX Font Info:    Overwriting symbol font `operators' in version `normal'
(Font)                  OT1/cmr/m/n --> OT1/ztmcm/m/n on input line 28.
LaTeX Font Info:    Overwriting symbol font `operators' in version `bold'
(Font)                  OT1/cmr/bx/n --> OT1/ztmcm/m/n on input line 28.
LaTeX Font Info:    Redeclaring symbol font `letters' on input line 29.
LaTeX Font Info:    Overwriting symbol font `letters' in version `normal'
(Font)                  OML/cmm/m/it --> OML/ztmcm/m/it on input line 29.
LaTeX Font Info:    Overwriting symbol font `letters' in version `bold'
(Font)                  OML/cmm/b/it --> OML/ztmcm/m/it on input line 29.
LaTeX Font Info:    Redeclaring symbol font `symbols' on input line 30.
LaTeX Font Info:    Overwriting symbol font `symbols' in version `normal'
(Font)                  OMS/cmsy/m/n --> OMS/ztmcm/m/n on input line 30.
LaTeX Font Info:    Overwriting symbol font `symbols' in version `bold'
(Font)                  OMS/cmsy/b/n --> OMS/ztmcm/m/n on input line 30.
LaTeX Font Info:    Redeclaring symbol font `largesymbols' on input line 31.
LaTeX Font Info:    Overwriting symbol font `largesymbols' in version `normal'
(Font)                  OMX/cmex/m/n --> OMX/ztmcm/m/n on input line 31.
LaTeX Font Info:    Overwriting symbol font `largesymbols' in version `bold'
(Font)                  OMX/cmex/m/n --> OMX/ztmcm/m/n on input line 31.
\symbold=\mathgroup6
\symitalic=\mathgroup7
LaTeX Font Info:    Redeclaring math alphabet \mathbf on input line 34.
LaTeX Font Info:    Overwriting math alphabet `\mathbf' in version `normal'
(Font)                  OT1/cmr/bx/n --> OT1/ptm/bx/n on input line 34.
LaTeX Font Info:    Overwriting math alphabet `\mathbf' in version `bold'
(Font)                  OT1/cmr/bx/n --> OT1/ptm/bx/n on input line 34.
LaTeX Font Info:    Redeclaring math alphabet \mathit on input line 35.
LaTeX Font Info:    Overwriting math alphabet `\mathit' in version `normal'
(Font)                  OT1/cmr/m/it --> OT1/ptm/m/it on input line 35.
LaTeX Font Info:    Overwriting math alphabet `\mathit' in version `bold'
(Font)                  OT1/cmr/bx/it --> OT1/ptm/m/it on input line 35.
LaTeX Info: Redefining \hbar on input line 50.
)
(/usr/share/texlive/texmf-dist/tex/latex/psnfss/helvet.sty
Package: helvet 2005/04/12 PSNFSS-v9.2a (WaS) 
)
(/usr/share/texlive/texmf-dist/tex/latex/pdfpages/pdfpages.sty
Package: pdfpages 2017/10/31 v0.5l Insert pages of external PDF documents (AM)

(/usr/share/texlive/texmf-dist/tex/latex/base/ifthen.sty
Package: ifthen 2014/09/29 v1.1c Standard LaTeX ifthen package (DPC)
)
(/usr/share/texlive/texmf-dist/tex/latex/tools/calc.sty
Package: calc 2017/05/25 v4.3 Infix arithmetic (KKT,FJ)
\calc@Acount=\count158
\calc@Bcount=\count159
\calc@Adimen=\dimen188
\calc@Bdimen=\dimen189
\calc@Askip=\skip57
\calc@Bskip=\skip58
LaTeX Info: Redefining \setlength on input line 80.
LaTeX Info: Redefining \addtolength on input line 81.
\calc@Ccount=\count160
\calc@Cskip=\skip59
)
(/usr/share/texlive/texmf-dist/tex/latex/eso-pic/eso-pic.sty
Package: eso-pic 2018/04/12 v2.0h eso-pic (RN)
)
\AM@pagewidth=\dimen190
\AM@pageheight=\dimen191

(/usr/share/texlive/texmf-dist/tex/latex/pdfpages/pppdftex.def
File: pppdftex.def 2017/10/31 v0.5l Pdfpages driver for pdfTeX (AM)
)
\AM@pagebox=\box54
\AM@global@opts=\toks45
\AM@toc@title=\toks46
\c@AM@survey=\count161
\AM@templatesizebox=\box55
)
(/usr/share/texlive/texmf-dist/tex/latex/beamer/beamerfontthemeserif.sty)

Package hyperref Warning: Token not allowed in a PDF string (PDFDocEncoding):
(hyperref)                removing `\\' on input line 87.


Package hyperref Warning: Token not allowed in a PDF string (PDFDocEncoding):
(hyperref)                removing `\\' on input line 87.

(./presentation_team00.aux)
\openout1 = `presentation_team00.aux'.

LaTeX Font Info:    Checking defaults for OML/cmm/m/it on input line 94.
LaTeX Font Info:    ... okay on input line 94.
LaTeX Font Info:    Checking defaults for T1/cmr/m/n on input line 94.
LaTeX Font Info:    ... okay on input line 94.
LaTeX Font Info:    Checking defaults for OT1/cmr/m/n on input line 94.
LaTeX Font Info:    ... okay on input line 94.
LaTeX Font Info:    Checking defaults for OMS/cmsy/m/n on input line 94.
LaTeX Font Info:    ... okay on input line 94.
LaTeX Font Info:    Checking defaults for OMX/cmex/m/n on input line 94.
LaTeX Font Info:    ... okay on input line 94.
LaTeX Font Info:    Checking defaults for U/cmr/m/n on input line 94.
LaTeX Font Info:    ... okay on input line 94.
LaTeX Font Info:    Checking defaults for PD1/pdf/m/n on input line 94.
LaTeX Font Info:    ... okay on input line 94.
LaTeX Font Info:    Try loading font information for OT1+ptm on input line 94.

(/usr/share/texlive/texmf-dist/tex/latex/psnfss/ot1ptm.fd
File: ot1ptm.fd 2001/06/04 font definitions for OT1/ptm.
)
*geometry* driver: auto-detecting
*geometry* detected driver: pdftex
*geometry* verbose mode - [ preamble ] result:
* driver: pdftex
* paper: custom
* layout: <same size as paper>
* layoutoffset:(h,v)=(0.0pt,0.0pt)
* modes: includehead includefoot 
* h-part:(L,W,R)=(28.45274pt, 307.28987pt, 28.45274pt)
* v-part:(T,H,B)=(0.0pt, 273.14662pt, 0.0pt)
* \paperwidth=364.19536pt
* \paperheight=273.14662pt
* \textwidth=307.28987pt
* \textheight=244.6939pt
* \oddsidemargin=-43.81725pt
* \evensidemargin=-43.81725pt
* \topmargin=-72.26999pt
* \headheight=14.22636pt
* \headsep=0.0pt
* \topskip=11.0pt
* \footskip=14.22636pt
* \marginparwidth=4.0pt
* \marginparsep=10.0pt
* \columnsep=10.0pt
* \skip\footins=10.0pt plus 4.0pt minus 2.0pt
* \hoffset=0.0pt
* \voffset=0.0pt
* \mag=1000
* \@twocolumnfalse
* \@twosidefalse
* \@mparswitchfalse
* \@reversemarginfalse
* (1in=72.27pt=25.4mm, 1cm=28.453pt)

(/usr/share/texlive/texmf-dist/tex/context/base/mkii/supp-pdf.mkii
[Loading MPS to PDF converter (version 2006.09.02).]
\scratchcounter=\count162
\scratchdimen=\dimen192
\scratchbox=\box56
\nofMPsegments=\count163
\nofMParguments=\count164
\everyMPshowfont=\toks47
\MPscratchCnt=\count165
\MPscratchDim=\dimen193
\MPnumerator=\count166
\makeMPintoPDFobject=\count167
\everyMPtoPDFconversion=\toks48
) (/usr/share/texlive/texmf-dist/tex/latex/oberdiek/epstopdf-base.sty
Package: epstopdf-base 2016/05/15 v2.6 Base part for package epstopdf

(/usr/share/texlive/texmf-dist/tex/latex/oberdiek/grfext.sty
Package: grfext 2016/05/16 v1.2 Manage graphics extensions (HO)
)
Package epstopdf-base Info: Redefining graphics rule for `.eps' on input line 4
38.
Package grfext Info: Graphics extension search list:
(grfext)             [.pdf,.png,.jpg,.mps,.jpeg,.jbig2,.jb2,.PDF,.PNG,.JPG,.JPE
G,.JBIG2,.JB2,.eps]
(grfext)             \AppendGraphicsExtensions on input line 456.

(/usr/share/texlive/texmf-dist/tex/latex/latexconfig/epstopdf-sys.cfg
File: epstopdf-sys.cfg 2010/07/13 v1.3 Configuration of (r)epstopdf for TeX Liv
e
))
ABD: EveryShipout initializing macros
\AtBeginShipoutBox=\box57
Package hyperref Info: Link coloring OFF on input line 94.

(/usr/share/texlive/texmf-dist/tex/latex/hyperref/nameref.sty
Package: nameref 2016/05/21 v2.44 Cross-referencing by name of section

(/usr/share/texlive/texmf-dist/tex/generic/oberdiek/gettitlestring.sty
Package: gettitlestring 2016/05/16 v1.5 Cleanup title references (HO)
)
\c@section@level=\count168
)
LaTeX Info: Redefining \ref on input line 94.
LaTeX Info: Redefining \pageref on input line 94.
LaTeX Info: Redefining \nameref on input line 94.

(./presentation_team00.out) (./presentation_team00.out)
\@outlinefile=\write5
\openout5 = `presentation_team00.out'.

\symnumbers=\mathgroup8
\sympureletters=\mathgroup9
LaTeX Font Info:    Overwriting math alphabet `\mathrm' in version `normal'
(Font)                  OT1/ztmcm/m/n --> OT1/ptm/m/n on input line 94.
LaTeX Font Info:    Redeclaring math alphabet \mathbf on input line 94.
LaTeX Font Info:    Overwriting math alphabet `\mathbf' in version `normal'
(Font)                  OT1/ptm/bx/n --> OT1/ptm/bx/n on input line 94.
LaTeX Font Info:    Overwriting math alphabet `\mathbf' in version `bold'
(Font)                  OT1/ptm/bx/n --> OT1/ptm/bx/n on input line 94.
LaTeX Font Info:    Redeclaring math alphabet \mathsf on input line 94.
LaTeX Font Info:    Overwriting math alphabet `\mathsf' in version `normal'
(Font)                  OT1/cmss/m/n --> OT1/phv/m/n on input line 94.
LaTeX Font Info:    Overwriting math alphabet `\mathsf' in version `bold'
(Font)                  OT1/cmss/bx/n --> OT1/phv/m/n on input line 94.
LaTeX Font Info:    Redeclaring math alphabet \mathit on input line 94.
LaTeX Font Info:    Overwriting math alphabet `\mathit' in version `normal'
(Font)                  OT1/ptm/m/it --> OT1/ptm/m/it on input line 94.
LaTeX Font Info:    Overwriting math alphabet `\mathit' in version `bold'
(Font)                  OT1/ptm/m/it --> OT1/ptm/m/it on input line 94.
LaTeX Font Info:    Redeclaring math alphabet \mathtt on input line 94.
LaTeX Font Info:    Overwriting math alphabet `\mathtt' in version `normal'
(Font)                  OT1/cmtt/m/n --> OT1/cmtt/m/n on input line 94.
LaTeX Font Info:    Overwriting math alphabet `\mathtt' in version `bold'
(Font)                  OT1/cmtt/m/n --> OT1/cmtt/m/n on input line 94.
LaTeX Font Info:    Overwriting symbol font `numbers' in version `bold'
(Font)                  OT1/ptm/m/n --> OT1/ptm/bx/n on input line 94.
LaTeX Font Info:    Overwriting symbol font `pureletters' in version `bold'
(Font)                  OT1/ptm/m/it --> OT1/ptm/bx/it on input line 94.
LaTeX Font Info:    Overwriting math alphabet `\mathrm' in version `bold'
(Font)                  OT1/ztmcm/m/n --> OT1/ptm/bx/n on input line 94.
LaTeX Font Info:    Overwriting math alphabet `\mathbf' in version `bold'
(Font)                  OT1/ptm/bx/n --> OT1/ptm/bx/n on input line 94.
LaTeX Font Info:    Overwriting math alphabet `\mathsf' in version `bold'
(Font)                  OT1/phv/m/n --> OT1/phv/bx/n on input line 94.
LaTeX Font Info:    Overwriting math alphabet `\mathit' in version `bold'
(Font)                  OT1/ptm/m/it --> OT1/ptm/bx/it on input line 94.
LaTeX Font Info:    Overwriting math alphabet `\mathtt' in version `bold'
(Font)                  OT1/cmtt/m/n --> OT1/cmtt/bx/n on input line 94.

(/usr/share/texlive/texmf-dist/tex/latex/translator/translator-basic-dictionary
-English.dict
Dictionary: translator-basic-dictionary, Language: English 
)
(/usr/share/texlive/texmf-dist/tex/latex/translator/translator-bibliography-dic
tionary-English.dict
Dictionary: translator-bibliography-dictionary, Language: English 
)
(/usr/share/texlive/texmf-dist/tex/latex/translator/translator-environment-dict
ionary-English.dict
Dictionary: translator-environment-dictionary, Language: English 
)
(/usr/share/texlive/texmf-dist/tex/latex/translator/translator-months-dictionar
y-English.dict
Dictionary: translator-months-dictionary, Language: English 
)
(/usr/share/texlive/texmf-dist/tex/latex/translator/translator-numbers-dictiona
ry-English.dict
Dictionary: translator-numbers-dictionary, Language: English 
)
(/usr/share/texlive/texmf-dist/tex/latex/translator/translator-theorem-dictiona
ry-English.dict
Dictionary: translator-theorem-dictionary, Language: English 
)
(/usr/share/texlive/texmf-dist/tex/latex/oberdiek/pdflscape.sty
Package: pdflscape 2016/05/14 v0.11 Display of landscape pages in PDF (HO)

(/usr/share/texlive/texmf-dist/tex/latex/graphics/lscape.sty
Package: lscape 2000/10/22 v3.01 Landscape Pages (DPC)
)
Package pdflscape Info: Auto-detected driver: pdftex on input line 81.
)
(./presentation_team00.nav)
Package epstopdf Info: Source file: <sources/logo_TH-Koeln_CMYK_22pt.eps>
(epstopdf)                    date: 2020-01-26 18:51:28
(epstopdf)                    size: 531878 bytes
(epstopdf)             Output file: <sources/logo_TH-Koeln_CMYK_22pt-eps-conver
ted-to.pdf>
(epstopdf)                    date: 2020-01-26 18:51:28
(epstopdf)                    size: 25701 bytes
(epstopdf)             Command: <repstopdf --outfile=sources/logo_TH-Koeln_CMYK
_22pt-eps-converted-to.pdf sources/logo_TH-Koeln_CMYK_22pt.eps>
(epstopdf)             \includegraphics on input line 94.
Package epstopdf Info: Output file is already uptodate.
<sources/logo_TH-Koeln_CMYK_22pt-eps-converted-to.pdf, id=65, 115.43124pt x 62.
2325pt>
File: sources/logo_TH-Koeln_CMYK_22pt-eps-converted-to.pdf Graphic file (type p
df)
<use sources/logo_TH-Koeln_CMYK_22pt-eps-converted-to.pdf>
Package pdftex.def Info: sources/logo_TH-Koeln_CMYK_22pt-eps-converted-to.pdf  
used on input line 94.
(pdftex.def)             Requested size: 43.70166pt x 23.56027pt.

Overfull \hbox (0.3723pt too wide) in paragraph at lines 94--94
[][][][][][][]  
 []


Overfull \hbox (2.62126pt too wide) has occurred while \output is active
[] 
 []

Package epstopdf Info: Source file: <sources/logo_TH-Koeln_CMYK_22pt.eps>
(epstopdf)                    date: 2020-01-26 18:51:28
(epstopdf)                    size: 531878 bytes
(epstopdf)             Output file: <sources/logo_TH-Koeln_CMYK_22pt-eps-conver
ted-to.pdf>
(epstopdf)                    date: 2020-01-26 18:51:28
(epstopdf)                    size: 25701 bytes
(epstopdf)             Command: <repstopdf --outfile=sources/logo_TH-Koeln_CMYK
_22pt-eps-converted-to.pdf sources/logo_TH-Koeln_CMYK_22pt.eps>
(epstopdf)             \includegraphics on input line 117.
Package epstopdf Info: Output file is already uptodate.
File: sources/logo_TH-Koeln_CMYK_22pt-eps-converted-to.pdf Graphic file (type p
df)
<use sources/logo_TH-Koeln_CMYK_22pt-eps-converted-to.pdf>
Package pdftex.def Info: sources/logo_TH-Koeln_CMYK_22pt-eps-converted-to.pdf  
used on input line 117.
(pdftex.def)             Requested size: 43.70166pt x 23.56027pt.
[1

{/var/lib/texmf/fonts/map/pdftex/updmap/pdftex.map} <./sources/logo_TH-Koeln_CM
YK_22pt-eps-converted-to.pdf>] (./presentation_team00.toc)
LaTeX Font Info:    Font shape `OT1/ptm/bx/n' in size <14.4> not available
(Font)              Font shape `OT1/ptm/b/n' tried instead on input line 127.
Package epstopdf Info: Source file: <sources/logo_TH-Koeln_CMYK_22pt.eps>
(epstopdf)                    date: 2020-01-26 18:51:28
(epstopdf)                    size: 531878 bytes
(epstopdf)             Output file: <sources/logo_TH-Koeln_CMYK_22pt-eps-conver
ted-to.pdf>
(epstopdf)                    date: 2020-01-26 18:51:28
(epstopdf)                    size: 25701 bytes
(epstopdf)             Command: <repstopdf --outfile=sources/logo_TH-Koeln_CMYK
_22pt-eps-converted-to.pdf sources/logo_TH-Koeln_CMYK_22pt.eps>
(epstopdf)             \includegraphics on input line 127.
Package epstopdf Info: Output file is already uptodate.
File: sources/logo_TH-Koeln_CMYK_22pt-eps-converted-to.pdf Graphic file (type p
df)
<use sources/logo_TH-Koeln_CMYK_22pt-eps-converted-to.pdf>
Package pdftex.def Info: sources/logo_TH-Koeln_CMYK_22pt-eps-converted-to.pdf  
used on input line 127.
(pdftex.def)             Requested size: 43.70166pt x 23.56027pt.
 [2

]
LaTeX Font Info:    Try loading font information for OT1+ztmcm on input line 14
9.

(/usr/share/texlive/texmf-dist/tex/latex/psnfss/ot1ztmcm.fd
File: ot1ztmcm.fd 2000/01/03 Fontinst v1.801 font definitions for OT1/ztmcm.
)
LaTeX Font Info:    Try loading font information for OML+ztmcm on input line 14
9.

(/usr/share/texlive/texmf-dist/tex/latex/psnfss/omlztmcm.fd
File: omlztmcm.fd 2000/01/03 Fontinst v1.801 font definitions for OML/ztmcm.
)
LaTeX Font Info:    Try loading font information for OMS+ztmcm on input line 14
9.

(/usr/share/texlive/texmf-dist/tex/latex/psnfss/omsztmcm.fd
File: omsztmcm.fd 2000/01/03 Fontinst v1.801 font definitions for OMS/ztmcm.
)
LaTeX Font Info:    Try loading font information for OMX+ztmcm on input line 14
9.

(/usr/share/texlive/texmf-dist/tex/latex/psnfss/omxztmcm.fd
File: omxztmcm.fd 2000/01/03 Fontinst v1.801 font definitions for OMX/ztmcm.
)
LaTeX Font Info:    Font shape `OT1/ptm/bx/n' in size <10.95> not available
(Font)              Font shape `OT1/ptm/b/n' tried instead on input line 149.
LaTeX Font Info:    Font shape `OT1/ptm/bx/n' in size <8> not available
(Font)              Font shape `OT1/ptm/b/n' tried instead on input line 149.
LaTeX Font Info:    Font shape `OT1/ptm/bx/n' in size <6> not available
(Font)              Font shape `OT1/ptm/b/n' tried instead on input line 149.
<../documentation/images/hardware_setup.png, id=110, 832.10875pt x 1044.90375pt
>
File: ../documentation/images/hardware_setup.png Graphic file (type png)
<use ../documentation/images/hardware_setup.png>
Package pdftex.def Info: ../documentation/images/hardware_setup.png  used on in
put line 149.
(pdftex.def)             Requested size: 158.1023pt x 198.53377pt.

Overfull \hbox (4.45737pt too wide) in paragraph at lines 149--149
[][]  
 []

Package epstopdf Info: Source file: <sources/logo_TH-Koeln_CMYK_22pt.eps>
(epstopdf)                    date: 2020-01-26 18:51:28
(epstopdf)                    size: 531878 bytes
(epstopdf)             Output file: <sources/logo_TH-Koeln_CMYK_22pt-eps-conver
ted-to.pdf>
(epstopdf)                    date: 2020-01-26 18:51:28
(epstopdf)                    size: 25701 bytes
(epstopdf)             Command: <repstopdf --outfile=sources/logo_TH-Koeln_CMYK
_22pt-eps-converted-to.pdf sources/logo_TH-Koeln_CMYK_22pt.eps>
(epstopdf)             \includegraphics on input line 149.
Package epstopdf Info: Output file is already uptodate.
File: sources/logo_TH-Koeln_CMYK_22pt-eps-converted-to.pdf Graphic file (type p
df)
<use sources/logo_TH-Koeln_CMYK_22pt-eps-converted-to.pdf>
Package pdftex.def Info: sources/logo_TH-Koeln_CMYK_22pt-eps-converted-to.pdf  
used on input line 149.
(pdftex.def)             Requested size: 43.70166pt x 23.56027pt.
[3

 <../documentation/images/hardware_setup.png>]
File: ../documentation/images/hardware_setup.png Graphic file (type png)
<use ../documentation/images/hardware_setup.png>
Package pdftex.def Info: ../documentation/images/hardware_setup.png  used on in
put line 149.
(pdftex.def)             Requested size: 158.1023pt x 198.53377pt.

Overfull \hbox (4.45737pt too wide) in paragraph at lines 149--149
[][]  
 []

Package epstopdf Info: Source file: <sources/logo_TH-Koeln_CMYK_22pt.eps>
(epstopdf)                    date: 2020-01-26 18:51:28
(epstopdf)                    size: 531878 bytes
(epstopdf)             Output file: <sources/logo_TH-Koeln_CMYK_22pt-eps-conver
ted-to.pdf>
(epstopdf)                    date: 2020-01-26 18:51:28
(epstopdf)                    size: 25701 bytes
(epstopdf)             Command: <repstopdf --outfile=sources/logo_TH-Koeln_CMYK
_22pt-eps-converted-to.pdf sources/logo_TH-Koeln_CMYK_22pt.eps>
(epstopdf)             \includegraphics on input line 149.
Package epstopdf Info: Output file is already uptodate.
File: sources/logo_TH-Koeln_CMYK_22pt-eps-converted-to.pdf Graphic file (type p
df)
<use sources/logo_TH-Koeln_CMYK_22pt-eps-converted-to.pdf>
Package pdftex.def Info: sources/logo_TH-Koeln_CMYK_22pt-eps-converted-to.pdf  
used on input line 149.
(pdftex.def)             Requested size: 43.70166pt x 23.56027pt.
[4

]
<../documentation/images/pcb.jpg, id=123, 2091.815pt x 2553.54pt>
File: ../documentation/images/pcb.jpg Graphic file (type jpg)
<use ../documentation/images/pcb.jpg>
Package pdftex.def Info: ../documentation/images/pcb.jpg  used on input line 15
6.
(pdftex.def)             Requested size: 205.01244pt x 250.2647pt.

Overfull \vbox (3.26569pt too high) detected at line 156
 []

Package epstopdf Info: Source file: <sources/logo_TH-Koeln_CMYK_22pt.eps>
(epstopdf)                    date: 2020-01-26 18:51:28
(epstopdf)                    size: 531878 bytes
(epstopdf)             Output file: <sources/logo_TH-Koeln_CMYK_22pt-eps-conver
ted-to.pdf>
(epstopdf)                    date: 2020-01-26 18:51:28
(epstopdf)                    size: 25701 bytes
(epstopdf)             Command: <repstopdf --outfile=sources/logo_TH-Koeln_CMYK
_22pt-eps-converted-to.pdf sources/logo_TH-Koeln_CMYK_22pt.eps>
(epstopdf)             \includegraphics on input line 156.
Package epstopdf Info: Output file is already uptodate.
File: sources/logo_TH-Koeln_CMYK_22pt-eps-converted-to.pdf Graphic file (type p
df)
<use sources/logo_TH-Koeln_CMYK_22pt-eps-converted-to.pdf>
Package pdftex.def Info: sources/logo_TH-Koeln_CMYK_22pt-eps-converted-to.pdf  
used on input line 156.
(pdftex.def)             Requested size: 43.70166pt x 23.56027pt.
[5

 <../documentation/images/pcb.jpg>]
<../documentation/images/car_complete.jpg, id=128, 2667.9675pt x 2448.14626pt>
File: ../documentation/images/car_complete.jpg Graphic file (type jpg)
<use ../documentation/images/car_complete.jpg>
Package pdftex.def Info: ../documentation/images/car_complete.jpg  used on inpu
t line 163.
(pdftex.def)             Requested size: 222.76431pt x 204.41014pt.

Overfull \vbox (2.66339pt too high) detected at line 163
 []

Package epstopdf Info: Source file: <sources/logo_TH-Koeln_CMYK_22pt.eps>
(epstopdf)                    date: 2020-01-26 18:51:28
(epstopdf)                    size: 531878 bytes
(epstopdf)             Output file: <sources/logo_TH-Koeln_CMYK_22pt-eps-conver
ted-to.pdf>
(epstopdf)                    date: 2020-01-26 18:51:28
(epstopdf)                    size: 25701 bytes
(epstopdf)             Command: <repstopdf --outfile=sources/logo_TH-Koeln_CMYK
_22pt-eps-converted-to.pdf sources/logo_TH-Koeln_CMYK_22pt.eps>
(epstopdf)             \includegraphics on input line 163.
Package epstopdf Info: Output file is already uptodate.
File: sources/logo_TH-Koeln_CMYK_22pt-eps-converted-to.pdf Graphic file (type p
df)
<use sources/logo_TH-Koeln_CMYK_22pt-eps-converted-to.pdf>
Package pdftex.def Info: sources/logo_TH-Koeln_CMYK_22pt-eps-converted-to.pdf  
used on input line 163.
(pdftex.def)             Requested size: 43.70166pt x 23.56027pt.
[6

 <../documentation/images/car_complete.jpg>]
LaTeX Font Info:    Font shape `OT1/ptm/bx/n' in size <10> not available
(Font)              Font shape `OT1/ptm/b/n' tried instead on input line 191.
LaTeX Font Info:    Font shape `OT1/ptm/bx/n' in size <7.4> not available
(Font)              Font shape `OT1/ptm/b/n' tried instead on input line 191.
Package epstopdf Info: Source file: <sources/logo_TH-Koeln_CMYK_22pt.eps>
(epstopdf)                    date: 2020-01-26 18:51:28
(epstopdf)                    size: 531878 bytes
(epstopdf)             Output file: <sources/logo_TH-Koeln_CMYK_22pt-eps-conver
ted-to.pdf>
(epstopdf)                    date: 2020-01-26 18:51:28
(epstopdf)                    size: 25701 bytes
(epstopdf)             Command: <repstopdf --outfile=sources/logo_TH-Koeln_CMYK
_22pt-eps-converted-to.pdf sources/logo_TH-Koeln_CMYK_22pt.eps>
(epstopdf)             \includegraphics on input line 191.
Package epstopdf Info: Output file is already uptodate.
File: sources/logo_TH-Koeln_CMYK_22pt-eps-converted-to.pdf Graphic file (type p
df)
<use sources/logo_TH-Koeln_CMYK_22pt-eps-converted-to.pdf>
Package pdftex.def Info: sources/logo_TH-Koeln_CMYK_22pt-eps-converted-to.pdf  
used on input line 191.
(pdftex.def)             Requested size: 43.70166pt x 23.56027pt.
 [7

]
Package epstopdf Info: Source file: <sources/logo_TH-Koeln_CMYK_22pt.eps>
(epstopdf)                    date: 2020-01-26 18:51:28
(epstopdf)                    size: 531878 bytes
(epstopdf)             Output file: <sources/logo_TH-Koeln_CMYK_22pt-eps-conver
ted-to.pdf>
(epstopdf)                    date: 2020-01-26 18:51:28
(epstopdf)                    size: 25701 bytes
(epstopdf)             Command: <repstopdf --outfile=sources/logo_TH-Koeln_CMYK
_22pt-eps-converted-to.pdf sources/logo_TH-Koeln_CMYK_22pt.eps>
(epstopdf)             \includegraphics on input line 191.
Package epstopdf Info: Output file is already uptodate.
File: sources/logo_TH-Koeln_CMYK_22pt-eps-converted-to.pdf Graphic file (type p
df)
<use sources/logo_TH-Koeln_CMYK_22pt-eps-converted-to.pdf>
Package pdftex.def Info: sources/logo_TH-Koeln_CMYK_22pt-eps-converted-to.pdf  
used on input line 191.
(pdftex.def)             Requested size: 43.70166pt x 23.56027pt.
 [8

]
Package epstopdf Info: Source file: <sources/logo_TH-Koeln_CMYK_22pt.eps>
(epstopdf)                    date: 2020-01-26 18:51:28
(epstopdf)                    size: 531878 bytes
(epstopdf)             Output file: <sources/logo_TH-Koeln_CMYK_22pt-eps-conver
ted-to.pdf>
(epstopdf)                    date: 2020-01-26 18:51:28
(epstopdf)                    size: 25701 bytes
(epstopdf)             Command: <repstopdf --outfile=sources/logo_TH-Koeln_CMYK
_22pt-eps-converted-to.pdf sources/logo_TH-Koeln_CMYK_22pt.eps>
(epstopdf)             \includegraphics on input line 191.
Package epstopdf Info: Output file is already uptodate.
File: sources/logo_TH-Koeln_CMYK_22pt-eps-converted-to.pdf Graphic file (type p
df)
<use sources/logo_TH-Koeln_CMYK_22pt-eps-converted-to.pdf>
Package pdftex.def Info: sources/logo_TH-Koeln_CMYK_22pt-eps-converted-to.pdf  
used on input line 191.
(pdftex.def)             Requested size: 43.70166pt x 23.56027pt.
 [9

]
<../documentation/images/connection_overview.png, id=148, 806.01125pt x 587.193
76pt>
File: ../documentation/images/connection_overview.png Graphic file (type png)
<use ../documentation/images/connection_overview.png>
Package pdftex.def Info: ../documentation/images/connection_overview.png  used 
on input line 198.
(pdftex.def)             Requested size: 257.92886pt x 187.90584pt.
Package epstopdf Info: Source file: <sources/logo_TH-Koeln_CMYK_22pt.eps>
(epstopdf)                    date: 2020-01-26 18:51:28
(epstopdf)                    size: 531878 bytes
(epstopdf)             Output file: <sources/logo_TH-Koeln_CMYK_22pt-eps-conver
ted-to.pdf>
(epstopdf)                    date: 2020-01-26 18:51:28
(epstopdf)                    size: 25701 bytes
(epstopdf)             Command: <repstopdf --outfile=sources/logo_TH-Koeln_CMYK
_22pt-eps-converted-to.pdf sources/logo_TH-Koeln_CMYK_22pt.eps>
(epstopdf)             \includegraphics on input line 198.
Package epstopdf Info: Output file is already uptodate.
File: sources/logo_TH-Koeln_CMYK_22pt-eps-converted-to.pdf Graphic file (type p
df)
<use sources/logo_TH-Koeln_CMYK_22pt-eps-converted-to.pdf>
Package pdftex.def Info: sources/logo_TH-Koeln_CMYK_22pt-eps-converted-to.pdf  
used on input line 198.
(pdftex.def)             Requested size: 43.70166pt x 23.56027pt.
 [10

 <../documentation/images/connection_overview.png>]
<../documentation/images/software_structure.png, id=154, 693.59125pt x 563.1037
4pt>
File: ../documentation/images/software_structure.png Graphic file (type png)
<use ../documentation/images/software_structure.png>
Package pdftex.def Info: ../documentation/images/software_structure.png  used o
n input line 203.
(pdftex.def)             Requested size: 221.95374pt x 180.19687pt.
Package epstopdf Info: Source file: <sources/logo_TH-Koeln_CMYK_22pt.eps>
(epstopdf)                    date: 2020-01-26 18:51:28
(epstopdf)                    size: 531878 bytes
(epstopdf)             Output file: <sources/logo_TH-Koeln_CMYK_22pt-eps-conver
ted-to.pdf>
(epstopdf)                    date: 2020-01-26 18:51:28
(epstopdf)                    size: 25701 bytes
(epstopdf)             Command: <repstopdf --outfile=sources/logo_TH-Koeln_CMYK
_22pt-eps-converted-to.pdf sources/logo_TH-Koeln_CMYK_22pt.eps>
(epstopdf)             \includegraphics on input line 203.
Package epstopdf Info: Output file is already uptodate.
File: sources/logo_TH-Koeln_CMYK_22pt-eps-converted-to.pdf Graphic file (type p
df)
<use sources/logo_TH-Koeln_CMYK_22pt-eps-converted-to.pdf>
Package pdftex.def Info: sources/logo_TH-Koeln_CMYK_22pt-eps-converted-to.pdf  
used on input line 203.
(pdftex.def)             Requested size: 43.70166pt x 23.56027pt.
 [11

 <../documentation/images/software_structure.png>]
<../documentation/images/flowchart_base.png, id=161, 612.2875pt x 281.05pt>
File: ../documentation/images/flowchart_base.png Graphic file (type png)
<use ../documentation/images/flowchart_base.png>
Package pdftex.def Info: ../documentation/images/flowchart_base.png  used on in
put line 216.
(pdftex.def)             Requested size: 275.52682pt x 126.47131pt.
Package epstopdf Info: Source file: <sources/logo_TH-Koeln_CMYK_22pt.eps>
(epstopdf)                    date: 2020-01-26 18:51:28
(epstopdf)                    size: 531878 bytes
(epstopdf)             Output file: <sources/logo_TH-Koeln_CMYK_22pt-eps-conver
ted-to.pdf>
(epstopdf)                    date: 2020-01-26 18:51:28
(epstopdf)                    size: 25701 bytes
(epstopdf)             Command: <repstopdf --outfile=sources/logo_TH-Koeln_CMYK
_22pt-eps-converted-to.pdf sources/logo_TH-Koeln_CMYK_22pt.eps>
(epstopdf)             \includegraphics on input line 216.
Package epstopdf Info: Output file is already uptodate.
File: sources/logo_TH-Koeln_CMYK_22pt-eps-converted-to.pdf Graphic file (type p
df)
<use sources/logo_TH-Koeln_CMYK_22pt-eps-converted-to.pdf>
Package pdftex.def Info: sources/logo_TH-Koeln_CMYK_22pt-eps-converted-to.pdf  
used on input line 216.
(pdftex.def)             Requested size: 43.70166pt x 23.56027pt.
 [12

 <../documentation/images/flowchart_base.png>]
File: ../documentation/images/flowchart_base.png Graphic file (type png)
<use ../documentation/images/flowchart_base.png>
Package pdftex.def Info: ../documentation/images/flowchart_base.png  used on in
put line 216.
(pdftex.def)             Requested size: 275.52682pt x 126.47131pt.
Package epstopdf Info: Source file: <sources/logo_TH-Koeln_CMYK_22pt.eps>
(epstopdf)                    date: 2020-01-26 18:51:28
(epstopdf)                    size: 531878 bytes
(epstopdf)             Output file: <sources/logo_TH-Koeln_CMYK_22pt-eps-conver
ted-to.pdf>
(epstopdf)                    date: 2020-01-26 18:51:28
(epstopdf)                    size: 25701 bytes
(epstopdf)             Command: <repstopdf --outfile=sources/logo_TH-Koeln_CMYK
_22pt-eps-converted-to.pdf sources/logo_TH-Koeln_CMYK_22pt.eps>
(epstopdf)             \includegraphics on input line 216.
Package epstopdf Info: Output file is already uptodate.
File: sources/logo_TH-Koeln_CMYK_22pt-eps-converted-to.pdf Graphic file (type p
df)
<use sources/logo_TH-Koeln_CMYK_22pt-eps-converted-to.pdf>
Package pdftex.def Info: sources/logo_TH-Koeln_CMYK_22pt-eps-converted-to.pdf  
used on input line 216.
(pdftex.def)             Requested size: 43.70166pt x 23.56027pt.
 [13

]
<../documentation/images/flowchart_navigation.png, id=174, 741.77126pt x 259.97
125pt>
File: ../documentation/images/flowchart_navigation.png Graphic file (type png)
<use ../documentation/images/flowchart_navigation.png>
Package pdftex.def Info: ../documentation/images/flowchart_navigation.png  used
 on input line 227.
(pdftex.def)             Requested size: 318.95543pt x 111.78545pt.

Overfull \hbox (11.66556pt too wide) in paragraph at lines 227--227
 [] 
 []

Package epstopdf Info: Source file: <sources/logo_TH-Koeln_CMYK_22pt.eps>
(epstopdf)                    date: 2020-01-26 18:51:28
(epstopdf)                    size: 531878 bytes
(epstopdf)             Output file: <sources/logo_TH-Koeln_CMYK_22pt-eps-conver
ted-to.pdf>
(epstopdf)                    date: 2020-01-26 18:51:28
(epstopdf)                    size: 25701 bytes
(epstopdf)             Command: <repstopdf --outfile=sources/logo_TH-Koeln_CMYK
_22pt-eps-converted-to.pdf sources/logo_TH-Koeln_CMYK_22pt.eps>
(epstopdf)             \includegraphics on input line 227.
Package epstopdf Info: Output file is already uptodate.
File: sources/logo_TH-Koeln_CMYK_22pt-eps-converted-to.pdf Graphic file (type p
df)
<use sources/logo_TH-Koeln_CMYK_22pt-eps-converted-to.pdf>
Package pdftex.def Info: sources/logo_TH-Koeln_CMYK_22pt-eps-converted-to.pdf  
used on input line 227.
(pdftex.def)             Requested size: 43.70166pt x 23.56027pt.
[14

 <../documentation/images/flowchart_navigation.png>]
File: ../documentation/images/flowchart_navigation.png Graphic file (type png)
<use ../documentation/images/flowchart_navigation.png>
Package pdftex.def Info: ../documentation/images/flowchart_navigation.png  used
 on input line 227.
(pdftex.def)             Requested size: 318.95543pt x 111.78545pt.

Overfull \hbox (11.66556pt too wide) in paragraph at lines 227--227
 [] 
 []

Package epstopdf Info: Source file: <sources/logo_TH-Koeln_CMYK_22pt.eps>
(epstopdf)                    date: 2020-01-26 18:51:28
(epstopdf)                    size: 531878 bytes
(epstopdf)             Output file: <sources/logo_TH-Koeln_CMYK_22pt-eps-conver
ted-to.pdf>
(epstopdf)                    date: 2020-01-26 18:51:28
(epstopdf)                    size: 25701 bytes
(epstopdf)             Command: <repstopdf --outfile=sources/logo_TH-Koeln_CMYK
_22pt-eps-converted-to.pdf sources/logo_TH-Koeln_CMYK_22pt.eps>
(epstopdf)             \includegraphics on input line 227.
Package epstopdf Info: Output file is already uptodate.
File: sources/logo_TH-Koeln_CMYK_22pt-eps-converted-to.pdf Graphic file (type p
df)
<use sources/logo_TH-Koeln_CMYK_22pt-eps-converted-to.pdf>
Package pdftex.def Info: sources/logo_TH-Koeln_CMYK_22pt-eps-converted-to.pdf  
used on input line 227.
(pdftex.def)             Requested size: 43.70166pt x 23.56027pt.
[15

]
Package epstopdf Info: Source file: <sources/logo_TH-Koeln_CMYK_22pt.eps>
(epstopdf)                    date: 2020-01-26 18:51:28
(epstopdf)                    size: 531878 bytes
(epstopdf)             Output file: <sources/logo_TH-Koeln_CMYK_22pt-eps-conver
ted-to.pdf>
(epstopdf)                    date: 2020-01-26 18:51:28
(epstopdf)                    size: 25701 bytes
(epstopdf)             Command: <repstopdf --outfile=sources/logo_TH-Koeln_CMYK
_22pt-eps-converted-to.pdf sources/logo_TH-Koeln_CMYK_22pt.eps>
(epstopdf)             \includegraphics on input line 245.
Package epstopdf Info: Output file is already uptodate.
File: sources/logo_TH-Koeln_CMYK_22pt-eps-converted-to.pdf Graphic file (type p
df)
<use sources/logo_TH-Koeln_CMYK_22pt-eps-converted-to.pdf>
Package pdftex.def Info: sources/logo_TH-Koeln_CMYK_22pt-eps-converted-to.pdf  
used on input line 245.
(pdftex.def)             Requested size: 43.70166pt x 23.56027pt.
 [16

]
<sources/OpenCV_Logo_with_text.png, id=190, 451.6875pt x 426.09187pt>
File: sources/OpenCV_Logo_with_text.png Graphic file (type png)
<use sources/OpenCV_Logo_with_text.png>
Package pdftex.def Info: sources/OpenCV_Logo_with_text.png  used on input line 
262.
(pdftex.def)             Requested size: 90.33589pt x 85.21686pt.
<sources/18.png, id=191, 803.0pt x 433.62pt>
File: sources/18.png Graphic file (type png)
<use sources/18.png>
Package pdftex.def Info: sources/18.png  used on input line 262.
(pdftex.def)             Requested size: 160.59715pt x 86.72246pt.

Overfull \hbox (6.95222pt too wide) in paragraph at lines 262--262
[]  
 []

Package epstopdf Info: Source file: <sources/logo_TH-Koeln_CMYK_22pt.eps>
(epstopdf)                    date: 2020-01-26 18:51:28
(epstopdf)                    size: 531878 bytes
(epstopdf)             Output file: <sources/logo_TH-Koeln_CMYK_22pt-eps-conver
ted-to.pdf>
(epstopdf)                    date: 2020-01-26 18:51:28
(epstopdf)                    size: 25701 bytes
(epstopdf)             Command: <repstopdf --outfile=sources/logo_TH-Koeln_CMYK
_22pt-eps-converted-to.pdf sources/logo_TH-Koeln_CMYK_22pt.eps>
(epstopdf)             \includegraphics on input line 262.
Package epstopdf Info: Output file is already uptodate.
File: sources/logo_TH-Koeln_CMYK_22pt-eps-converted-to.pdf Graphic file (type p
df)
<use sources/logo_TH-Koeln_CMYK_22pt-eps-converted-to.pdf>
Package pdftex.def Info: sources/logo_TH-Koeln_CMYK_22pt-eps-converted-to.pdf  
used on input line 262.
(pdftex.def)             Requested size: 43.70166pt x 23.56027pt.
[17

 <./sources/OpenCV_Logo_with_text.png> <./sources/18.png (PNG copy)>]
<sources/diagram.png, id=197, 573.14125pt x 385.44pt>
File: sources/diagram.png Graphic file (type png)
<use sources/diagram.png>
Package pdftex.def Info: sources/diagram.png  used on input line 278.
(pdftex.def)             Requested size: 149.0132pt x 100.21204pt.

Overfull \hbox (10.7337pt too wide) in paragraph at lines 278--278
[][]  
 []

Package epstopdf Info: Source file: <sources/logo_TH-Koeln_CMYK_22pt.eps>
(epstopdf)                    date: 2020-01-26 18:51:28
(epstopdf)                    size: 531878 bytes
(epstopdf)             Output file: <sources/logo_TH-Koeln_CMYK_22pt-eps-conver
ted-to.pdf>
(epstopdf)                    date: 2020-01-26 18:51:28
(epstopdf)                    size: 25701 bytes
(epstopdf)             Command: <repstopdf --outfile=sources/logo_TH-Koeln_CMYK
_22pt-eps-converted-to.pdf sources/logo_TH-Koeln_CMYK_22pt.eps>
(epstopdf)             \includegraphics on input line 278.
Package epstopdf Info: Output file is already uptodate.
File: sources/logo_TH-Koeln_CMYK_22pt-eps-converted-to.pdf Graphic file (type p
df)
<use sources/logo_TH-Koeln_CMYK_22pt-eps-converted-to.pdf>
Package pdftex.def Info: sources/logo_TH-Koeln_CMYK_22pt-eps-converted-to.pdf  
used on input line 278.
(pdftex.def)             Requested size: 43.70166pt x 23.56027pt.
[18

 <./sources/diagram.png>]
Package epstopdf Info: Source file: <sources/logo_TH-Koeln_CMYK_22pt.eps>
(epstopdf)                    date: 2020-01-26 18:51:28
(epstopdf)                    size: 531878 bytes
(epstopdf)             Output file: <sources/logo_TH-Koeln_CMYK_22pt-eps-conver
ted-to.pdf>
(epstopdf)                    date: 2020-01-26 18:51:28
(epstopdf)                    size: 25701 bytes
(epstopdf)             Command: <repstopdf --outfile=sources/logo_TH-Koeln_CMYK
_22pt-eps-converted-to.pdf sources/logo_TH-Koeln_CMYK_22pt.eps>
(epstopdf)             \includegraphics on input line 296.
Package epstopdf Info: Output file is already uptodate.
File: sources/logo_TH-Koeln_CMYK_22pt-eps-converted-to.pdf Graphic file (type p
df)
<use sources/logo_TH-Koeln_CMYK_22pt-eps-converted-to.pdf>
Package pdftex.def Info: sources/logo_TH-Koeln_CMYK_22pt-eps-converted-to.pdf  
used on input line 296.
(pdftex.def)             Requested size: 43.70166pt x 23.56027pt.
 [19

]
<sources/mobilenet_depthwise.png, id=209, 401.5pt x 257.96375pt>
File: sources/mobilenet_depthwise.png Graphic file (type png)
<use sources/mobilenet_depthwise.png>
Package pdftex.def Info: sources/mobilenet_depthwise.png  used on input line 31
4.
(pdftex.def)             Requested size: 120.45091pt x 77.38971pt.

Overfull \hbox (12.89758pt too wide) in paragraph at lines 314--314
[][]  
 []

Package epstopdf Info: Source file: <sources/logo_TH-Koeln_CMYK_22pt.eps>
(epstopdf)                    date: 2020-01-26 18:51:28
(epstopdf)                    size: 531878 bytes
(epstopdf)             Output file: <sources/logo_TH-Koeln_CMYK_22pt-eps-conver
ted-to.pdf>
(epstopdf)                    date: 2020-01-26 18:51:28
(epstopdf)                    size: 25701 bytes
(epstopdf)             Command: <repstopdf --outfile=sources/logo_TH-Koeln_CMYK
_22pt-eps-converted-to.pdf sources/logo_TH-Koeln_CMYK_22pt.eps>
(epstopdf)             \includegraphics on input line 314.
Package epstopdf Info: Output file is already uptodate.
File: sources/logo_TH-Koeln_CMYK_22pt-eps-converted-to.pdf Graphic file (type p
df)
<use sources/logo_TH-Koeln_CMYK_22pt-eps-converted-to.pdf>
Package pdftex.def Info: sources/logo_TH-Koeln_CMYK_22pt-eps-converted-to.pdf  
used on input line 314.
(pdftex.def)             Requested size: 43.70166pt x 23.56027pt.
[20

 <./sources/mobilenet_depthwise.png>]
<sources/ss.png, id=216, 409.53pt x 370.38374pt>
File: sources/ss.png Graphic file (type png)
<use sources/ss.png>
Package pdftex.def Info: sources/ss.png  used on input line 335.
(pdftex.def)             Requested size: 143.33765pt x 129.63625pt.
<sources/tempsnip.png, id=217, 395.22656pt x 114.4275pt>
File: sources/tempsnip.png Graphic file (type png)
<use sources/tempsnip.png>
Package pdftex.def Info: sources/tempsnip.png  used on input line 335.
(pdftex.def)             Requested size: 158.08781pt x 45.77019pt.

Overfull \hbox (4.44289pt too wide) in paragraph at lines 335--335
[]  
 []

Package epstopdf Info: Source file: <sources/logo_TH-Koeln_CMYK_22pt.eps>
(epstopdf)                    date: 2020-01-26 18:51:28
(epstopdf)                    size: 531878 bytes
(epstopdf)             Output file: <sources/logo_TH-Koeln_CMYK_22pt-eps-conver
ted-to.pdf>
(epstopdf)                    date: 2020-01-26 18:51:28
(epstopdf)                    size: 25701 bytes
(epstopdf)             Command: <repstopdf --outfile=sources/logo_TH-Koeln_CMYK
_22pt-eps-converted-to.pdf sources/logo_TH-Koeln_CMYK_22pt.eps>
(epstopdf)             \includegraphics on input line 335.
Package epstopdf Info: Output file is already uptodate.
File: sources/logo_TH-Koeln_CMYK_22pt-eps-converted-to.pdf Graphic file (type p
df)
<use sources/logo_TH-Koeln_CMYK_22pt-eps-converted-to.pdf>
Package pdftex.def Info: sources/logo_TH-Koeln_CMYK_22pt-eps-converted-to.pdf  
used on input line 335.
(pdftex.def)             Requested size: 43.70166pt x 23.56027pt.
[21

 <./sources/ss.png> <./sources/tempsnip.png>]
<sources/Rounting_1.pdf, id=223, page=13, 260.89468pt x 246.9225pt>
File: sources/Rounting_1.pdf Graphic file (type pdf)
<use sources/Rounting_1.pdf, page 13>
Package pdftex.def Info: sources/Rounting_1.pdf , page13 used on input line 348
.
(pdftex.def)             Requested size: 260.89403pt x 246.92188pt.
<sources/Rounting_1.pdf, id=224, page=14, 260.89468pt x 246.9225pt>
File: sources/Rounting_1.pdf Graphic file (type pdf)
<use sources/Rounting_1.pdf, page 14>
Package pdftex.def Info: sources/Rounting_1.pdf , page14 used on input line 348
.
(pdftex.def)             Requested size: 260.89403pt x 246.92188pt.
<sources/Rounting_1.pdf, id=225, page=15, 260.89468pt x 246.9225pt>
File: sources/Rounting_1.pdf Graphic file (type pdf)
<use sources/Rounting_1.pdf, page 15>
Package pdftex.def Info: sources/Rounting_1.pdf , page15 used on input line 348
.
(pdftex.def)             Requested size: 260.89403pt x 246.92188pt.

Overfull \vbox (53.17513pt too high) detected at line 348
 []

Package epstopdf Info: Source file: <sources/logo_TH-Koeln_CMYK_22pt.eps>
(epstopdf)                    date: 2020-01-26 18:51:28
(epstopdf)                    size: 531878 bytes
(epstopdf)             Output file: <sources/logo_TH-Koeln_CMYK_22pt-eps-conver
ted-to.pdf>
(epstopdf)                    date: 2020-01-26 18:51:28
(epstopdf)                    size: 25701 bytes
(epstopdf)             Command: <repstopdf --outfile=sources/logo_TH-Koeln_CMYK
_22pt-eps-converted-to.pdf sources/logo_TH-Koeln_CMYK_22pt.eps>
(epstopdf)             \includegraphics on input line 348.
Package epstopdf Info: Output file is already uptodate.
File: sources/logo_TH-Koeln_CMYK_22pt-eps-converted-to.pdf Graphic file (type p
df)
<use sources/logo_TH-Koeln_CMYK_22pt-eps-converted-to.pdf>
Package pdftex.def Info: sources/logo_TH-Koeln_CMYK_22pt-eps-converted-to.pdf  
used on input line 348.
(pdftex.def)             Requested size: 43.70166pt x 23.56027pt.
[22

 <./sources/Rounting_1.pdf>]
File: sources/Rounting_1.pdf Graphic file (type pdf)
<use sources/Rounting_1.pdf, page 13>
Package pdftex.def Info: sources/Rounting_1.pdf , page13 used on input line 348
.
(pdftex.def)             Requested size: 260.89403pt x 246.92188pt.
File: sources/Rounting_1.pdf Graphic file (type pdf)
<use sources/Rounting_1.pdf, page 14>
Package pdftex.def Info: sources/Rounting_1.pdf , page14 used on input line 348
.
(pdftex.def)             Requested size: 260.89403pt x 246.92188pt.
File: sources/Rounting_1.pdf Graphic file (type pdf)
<use sources/Rounting_1.pdf, page 15>
Package pdftex.def Info: sources/Rounting_1.pdf , page15 used on input line 348
.
(pdftex.def)             Requested size: 260.89403pt x 246.92188pt.

Overfull \vbox (53.17513pt too high) detected at line 348
 []

Package epstopdf Info: Source file: <sources/logo_TH-Koeln_CMYK_22pt.eps>
(epstopdf)                    date: 2020-01-26 18:51:28
(epstopdf)                    size: 531878 bytes
(epstopdf)             Output file: <sources/logo_TH-Koeln_CMYK_22pt-eps-conver
ted-to.pdf>
(epstopdf)                    date: 2020-01-26 18:51:28
(epstopdf)                    size: 25701 bytes
(epstopdf)             Command: <repstopdf --outfile=sources/logo_TH-Koeln_CMYK
_22pt-eps-converted-to.pdf sources/logo_TH-Koeln_CMYK_22pt.eps>
(epstopdf)             \includegraphics on input line 348.
Package epstopdf Info: Output file is already uptodate.
File: sources/logo_TH-Koeln_CMYK_22pt-eps-converted-to.pdf Graphic file (type p
df)
<use sources/logo_TH-Koeln_CMYK_22pt-eps-converted-to.pdf>
Package pdftex.def Info: sources/logo_TH-Koeln_CMYK_22pt-eps-converted-to.pdf  
used on input line 348.
(pdftex.def)             Requested size: 43.70166pt x 23.56027pt.
[23

 <./sources/Rounting_1.pdf>]
File: sources/Rounting_1.pdf Graphic file (type pdf)
<use sources/Rounting_1.pdf, page 13>
Package pdftex.def Info: sources/Rounting_1.pdf , page13 used on input line 348
.
(pdftex.def)             Requested size: 260.89403pt x 246.92188pt.
File: sources/Rounting_1.pdf Graphic file (type pdf)
<use sources/Rounting_1.pdf, page 14>
Package pdftex.def Info: sources/Rounting_1.pdf , page14 used on input line 348
.
(pdftex.def)             Requested size: 260.89403pt x 246.92188pt.
File: sources/Rounting_1.pdf Graphic file (type pdf)
<use sources/Rounting_1.pdf, page 15>
Package pdftex.def Info: sources/Rounting_1.pdf , page15 used on input line 348
.
(pdftex.def)             Requested size: 260.89403pt x 246.92188pt.

Overfull \vbox (53.17513pt too high) detected at line 348
 []

Package epstopdf Info: Source file: <sources/logo_TH-Koeln_CMYK_22pt.eps>
(epstopdf)                    date: 2020-01-26 18:51:28
(epstopdf)                    size: 531878 bytes
(epstopdf)             Output file: <sources/logo_TH-Koeln_CMYK_22pt-eps-conver
ted-to.pdf>
(epstopdf)                    date: 2020-01-26 18:51:28
(epstopdf)                    size: 25701 bytes
(epstopdf)             Command: <repstopdf --outfile=sources/logo_TH-Koeln_CMYK
_22pt-eps-converted-to.pdf sources/logo_TH-Koeln_CMYK_22pt.eps>
(epstopdf)             \includegraphics on input line 348.
Package epstopdf Info: Output file is already uptodate.
File: sources/logo_TH-Koeln_CMYK_22pt-eps-converted-to.pdf Graphic file (type p
df)
<use sources/logo_TH-Koeln_CMYK_22pt-eps-converted-to.pdf>
Package pdftex.def Info: sources/logo_TH-Koeln_CMYK_22pt-eps-converted-to.pdf  
used on input line 348.
(pdftex.def)             Requested size: 43.70166pt x 23.56027pt.
[24

 <./sources/Rounting_1.pdf>]
<sources/Rounting_1.pdf, id=249, page=11, 260.89468pt x 246.9225pt>
File: sources/Rounting_1.pdf Graphic file (type pdf)
<use sources/Rounting_1.pdf, page 11>
Package pdftex.def Info: sources/Rounting_1.pdf , page11 used on input line 355
.
(pdftex.def)             Requested size: 208.716pt x 197.53824pt.

Overfull \vbox (3.79149pt too high) detected at line 355
 []

Package epstopdf Info: Source file: <sources/logo_TH-Koeln_CMYK_22pt.eps>
(epstopdf)                    date: 2020-01-26 18:51:28
(epstopdf)                    size: 531878 bytes
(epstopdf)             Output file: <sources/logo_TH-Koeln_CMYK_22pt-eps-conver
ted-to.pdf>
(epstopdf)                    date: 2020-01-26 18:51:28
(epstopdf)                    size: 25701 bytes
(epstopdf)             Command: <repstopdf --outfile=sources/logo_TH-Koeln_CMYK
_22pt-eps-converted-to.pdf sources/logo_TH-Koeln_CMYK_22pt.eps>
(epstopdf)             \includegraphics on input line 355.
Package epstopdf Info: Output file is already uptodate.
File: sources/logo_TH-Koeln_CMYK_22pt-eps-converted-to.pdf Graphic file (type p
df)
<use sources/logo_TH-Koeln_CMYK_22pt-eps-converted-to.pdf>
Package pdftex.def Info: sources/logo_TH-Koeln_CMYK_22pt-eps-converted-to.pdf  
used on input line 355.
(pdftex.def)             Requested size: 43.70166pt x 23.56027pt.
[25

 <./sources/Rounting_1.pdf>]
<sources/manu_5.png, id=270, 339.2675pt x 218.8175pt>
File: sources/manu_5.png Graphic file (type png)
<use sources/manu_5.png>
Package pdftex.def Info: sources/manu_5.png  used on input line 372.
(pdftex.def)             Requested size: 135.70459pt x 87.52544pt.
Package epstopdf Info: Source file: <sources/logo_TH-Koeln_CMYK_22pt.eps>
(epstopdf)                    date: 2020-01-26 18:51:28
(epstopdf)                    size: 531878 bytes
(epstopdf)             Output file: <sources/logo_TH-Koeln_CMYK_22pt-eps-conver
ted-to.pdf>
(epstopdf)                    date: 2020-01-26 18:51:28
(epstopdf)                    size: 25701 bytes
(epstopdf)             Command: <repstopdf --outfile=sources/logo_TH-Koeln_CMYK
_22pt-eps-converted-to.pdf sources/logo_TH-Koeln_CMYK_22pt.eps>
(epstopdf)             \includegraphics on input line 372.
Package epstopdf Info: Output file is already uptodate.
File: sources/logo_TH-Koeln_CMYK_22pt-eps-converted-to.pdf Graphic file (type p
df)
<use sources/logo_TH-Koeln_CMYK_22pt-eps-converted-to.pdf>
Package pdftex.def Info: sources/logo_TH-Koeln_CMYK_22pt-eps-converted-to.pdf  
used on input line 372.
(pdftex.def)             Requested size: 43.70166pt x 23.56027pt.
 [26

 <./sources/manu_5.png>]
<sources/Rounting_1.pdf, id=276, page=6, 260.89468pt x 246.9225pt>
File: sources/Rounting_1.pdf Graphic file (type pdf)
<use sources/Rounting_1.pdf, page 6>
Package pdftex.def Info: sources/Rounting_1.pdf , page6 used on input line 377.

(pdftex.def)             Requested size: 208.716pt x 197.53824pt.
Package epstopdf Info: Source file: <sources/logo_TH-Koeln_CMYK_22pt.eps>
(epstopdf)                    date: 2020-01-26 18:51:28
(epstopdf)                    size: 531878 bytes
(epstopdf)             Output file: <sources/logo_TH-Koeln_CMYK_22pt-eps-conver
ted-to.pdf>
(epstopdf)                    date: 2020-01-26 18:51:28
(epstopdf)                    size: 25701 bytes
(epstopdf)             Command: <repstopdf --outfile=sources/logo_TH-Koeln_CMYK
_22pt-eps-converted-to.pdf sources/logo_TH-Koeln_CMYK_22pt.eps>
(epstopdf)             \includegraphics on input line 377.
Package epstopdf Info: Output file is already uptodate.
File: sources/logo_TH-Koeln_CMYK_22pt-eps-converted-to.pdf Graphic file (type p
df)
<use sources/logo_TH-Koeln_CMYK_22pt-eps-converted-to.pdf>
Package pdftex.def Info: sources/logo_TH-Koeln_CMYK_22pt-eps-converted-to.pdf  
used on input line 377.
(pdftex.def)             Requested size: 43.70166pt x 23.56027pt.
 [27

 <./sources/Rounting_1.pdf>]
<sources/Rounting_1.pdf, id=293, page=5, 260.89468pt x 246.9225pt>
File: sources/Rounting_1.pdf Graphic file (type pdf)
<use sources/Rounting_1.pdf, page 5>
Package pdftex.def Info: sources/Rounting_1.pdf , page5 used on input line 383.

(pdftex.def)             Requested size: 143.49251pt x 135.80777pt.
<sources/Rounting_1.pdf, id=294, page=1, 260.89468pt x 246.9225pt>
File: sources/Rounting_1.pdf Graphic file (type pdf)
<use sources/Rounting_1.pdf, page 1>
Package pdftex.def Info: sources/Rounting_1.pdf , page1 used on input line 383.

(pdftex.def)             Requested size: 143.49251pt x 135.80777pt.
Package epstopdf Info: Source file: <sources/logo_TH-Koeln_CMYK_22pt.eps>
(epstopdf)                    date: 2020-01-26 18:51:28
(epstopdf)                    size: 531878 bytes
(epstopdf)             Output file: <sources/logo_TH-Koeln_CMYK_22pt-eps-conver
ted-to.pdf>
(epstopdf)                    date: 2020-01-26 18:51:28
(epstopdf)                    size: 25701 bytes
(epstopdf)             Command: <repstopdf --outfile=sources/logo_TH-Koeln_CMYK
_22pt-eps-converted-to.pdf sources/logo_TH-Koeln_CMYK_22pt.eps>
(epstopdf)             \includegraphics on input line 383.
Package epstopdf Info: Output file is already uptodate.
File: sources/logo_TH-Koeln_CMYK_22pt-eps-converted-to.pdf Graphic file (type p
df)
<use sources/logo_TH-Koeln_CMYK_22pt-eps-converted-to.pdf>
Package pdftex.def Info: sources/logo_TH-Koeln_CMYK_22pt-eps-converted-to.pdf  
used on input line 383.
(pdftex.def)             Requested size: 43.70166pt x 23.56027pt.
 [28

 <./sources/Rounting_1.pdf> <./sources/Rounting_1.pdf>]
<sources/Rounting_1.pdf, id=317, page=3, 260.89468pt x 246.9225pt>
File: sources/Rounting_1.pdf Graphic file (type pdf)
<use sources/Rounting_1.pdf, page 3>
Package pdftex.def Info: sources/Rounting_1.pdf , page3 used on input line 388.

(pdftex.def)             Requested size: 208.716pt x 197.53824pt.
Package epstopdf Info: Source file: <sources/logo_TH-Koeln_CMYK_22pt.eps>
(epstopdf)                    date: 2020-01-26 18:51:28
(epstopdf)                    size: 531878 bytes
(epstopdf)             Output file: <sources/logo_TH-Koeln_CMYK_22pt-eps-conver
ted-to.pdf>
(epstopdf)                    date: 2020-01-26 18:51:28
(epstopdf)                    size: 25701 bytes
(epstopdf)             Command: <repstopdf --outfile=sources/logo_TH-Koeln_CMYK
_22pt-eps-converted-to.pdf sources/logo_TH-Koeln_CMYK_22pt.eps>
(epstopdf)             \includegraphics on input line 388.
Package epstopdf Info: Output file is already uptodate.
File: sources/logo_TH-Koeln_CMYK_22pt-eps-converted-to.pdf Graphic file (type p
df)
<use sources/logo_TH-Koeln_CMYK_22pt-eps-converted-to.pdf>
Package pdftex.def Info: sources/logo_TH-Koeln_CMYK_22pt-eps-converted-to.pdf  
used on input line 388.
(pdftex.def)             Requested size: 43.70166pt x 23.56027pt.

[29

 <./sources/Rounting_1.pdf>]
<sources/manu_7.png, id=332, 352.31625pt x 219.82124pt>
File: sources/manu_7.png Graphic file (type png)
<use sources/manu_7.png>
Package pdftex.def Info: sources/manu_7.png  used on input line 405.
(pdftex.def)             Requested size: 140.924pt x 87.92693pt.
Package epstopdf Info: Source file: <sources/logo_TH-Koeln_CMYK_22pt.eps>
(epstopdf)                    date: 2020-01-26 18:51:28
(epstopdf)                    size: 531878 bytes
(epstopdf)             Output file: <sources/logo_TH-Koeln_CMYK_22pt-eps-conver
ted-to.pdf>
(epstopdf)                    date: 2020-01-26 18:51:28
(epstopdf)                    size: 25701 bytes
(epstopdf)             Command: <repstopdf --outfile=sources/logo_TH-Koeln_CMYK
_22pt-eps-converted-to.pdf sources/logo_TH-Koeln_CMYK_22pt.eps>
(epstopdf)             \includegraphics on input line 405.
Package epstopdf Info: Output file is already uptodate.
File: sources/logo_TH-Koeln_CMYK_22pt-eps-converted-to.pdf Graphic file (type p
df)
<use sources/logo_TH-Koeln_CMYK_22pt-eps-converted-to.pdf>
Package pdftex.def Info: sources/logo_TH-Koeln_CMYK_22pt-eps-converted-to.pdf  
used on input line 405.
(pdftex.def)             Requested size: 43.70166pt x 23.56027pt.
 [30

 <./sources/manu_7.png>]
<sources/Rounting_1.pdf, id=338, page=7, 260.89468pt x 246.9225pt>
File: sources/Rounting_1.pdf Graphic file (type pdf)
<use sources/Rounting_1.pdf, page 7>
Package pdftex.def Info: sources/Rounting_1.pdf , page7 used on input line 410.

(pdftex.def)             Requested size: 208.716pt x 197.53824pt.
Package epstopdf Info: Source file: <sources/logo_TH-Koeln_CMYK_22pt.eps>
(epstopdf)                    date: 2020-01-26 18:51:28
(epstopdf)                    size: 531878 bytes
(epstopdf)             Output file: <sources/logo_TH-Koeln_CMYK_22pt-eps-conver
ted-to.pdf>
(epstopdf)                    date: 2020-01-26 18:51:28
(epstopdf)                    size: 25701 bytes
(epstopdf)             Command: <repstopdf --outfile=sources/logo_TH-Koeln_CMYK
_22pt-eps-converted-to.pdf sources/logo_TH-Koeln_CMYK_22pt.eps>
(epstopdf)             \includegraphics on input line 410.
Package epstopdf Info: Output file is already uptodate.
File: sources/logo_TH-Koeln_CMYK_22pt-eps-converted-to.pdf Graphic file (type p
df)
<use sources/logo_TH-Koeln_CMYK_22pt-eps-converted-to.pdf>
Package pdftex.def Info: sources/logo_TH-Koeln_CMYK_22pt-eps-converted-to.pdf  
used on input line 410.
(pdftex.def)             Requested size: 43.70166pt x 23.56027pt.
 [31

 <./sources/Rounting_1.pdf>]
<sources/Rounting_1.pdf, id=357, page=9, 260.89468pt x 246.9225pt>
File: sources/Rounting_1.pdf Graphic file (type pdf)
<use sources/Rounting_1.pdf, page 9>
Package pdftex.def Info: sources/Rounting_1.pdf , page9 used on input line 416.

(pdftex.def)             Requested size: 143.49251pt x 135.80777pt.
<sources/Rounting_1.pdf, id=358, page=10, 260.89468pt x 246.9225pt>
File: sources/Rounting_1.pdf Graphic file (type pdf)
<use sources/Rounting_1.pdf, page 10>
Package pdftex.def Info: sources/Rounting_1.pdf , page10 used on input line 416
.
(pdftex.def)             Requested size: 143.49251pt x 135.80777pt.
Package epstopdf Info: Source file: <sources/logo_TH-Koeln_CMYK_22pt.eps>
(epstopdf)                    date: 2020-01-26 18:51:28
(epstopdf)                    size: 531878 bytes
(epstopdf)             Output file: <sources/logo_TH-Koeln_CMYK_22pt-eps-conver
ted-to.pdf>
(epstopdf)                    date: 2020-01-26 18:51:28
(epstopdf)                    size: 25701 bytes
(epstopdf)             Command: <repstopdf --outfile=sources/logo_TH-Koeln_CMYK
_22pt-eps-converted-to.pdf sources/logo_TH-Koeln_CMYK_22pt.eps>
(epstopdf)             \includegraphics on input line 416.
Package epstopdf Info: Output file is already uptodate.
File: sources/logo_TH-Koeln_CMYK_22pt-eps-converted-to.pdf Graphic file (type p
df)
<use sources/logo_TH-Koeln_CMYK_22pt-eps-converted-to.pdf>
Package pdftex.def Info: sources/logo_TH-Koeln_CMYK_22pt-eps-converted-to.pdf  
used on input line 416.
(pdftex.def)             Requested size: 43.70166pt x 23.56027pt.
 [32

 <./sources/Rounting_1.pdf> <./sources/Rounting_1.pdf>]
<sources/Route_screenshot.png, id=374, 783.92876pt x 783.92876pt>
File: sources/Route_screenshot.png Graphic file (type png)
<use sources/Route_screenshot.png>
Package pdftex.def Info: sources/Route_screenshot.png  used on input line 422.
(pdftex.def)             Requested size: 195.9817pt x 195.9817pt.
Package epstopdf Info: Source file: <sources/logo_TH-Koeln_CMYK_22pt.eps>
(epstopdf)                    date: 2020-01-26 18:51:28
(epstopdf)                    size: 531878 bytes
(epstopdf)             Output file: <sources/logo_TH-Koeln_CMYK_22pt-eps-conver
ted-to.pdf>
(epstopdf)                    date: 2020-01-26 18:51:28
(epstopdf)                    size: 25701 bytes
(epstopdf)             Command: <repstopdf --outfile=sources/logo_TH-Koeln_CMYK
_22pt-eps-converted-to.pdf sources/logo_TH-Koeln_CMYK_22pt.eps>
(epstopdf)             \includegraphics on input line 422.
Package epstopdf Info: Output file is already uptodate.
File: sources/logo_TH-Koeln_CMYK_22pt-eps-converted-to.pdf Graphic file (type p
df)
<use sources/logo_TH-Koeln_CMYK_22pt-eps-converted-to.pdf>
Package pdftex.def Info: sources/logo_TH-Koeln_CMYK_22pt-eps-converted-to.pdf  
used on input line 422.
(pdftex.def)             Requested size: 43.70166pt x 23.56027pt.

[33

 <./sources/Route_screenshot.png>]
<sources/Map_screenshot.png, id=381, 783.92876pt x 783.92876pt>
File: sources/Map_screenshot.png Graphic file (type png)
<use sources/Map_screenshot.png>
Package pdftex.def Info: sources/Map_screenshot.png  used on input line 428.
(pdftex.def)             Requested size: 195.9817pt x 195.9817pt.
Package epstopdf Info: Source file: <sources/logo_TH-Koeln_CMYK_22pt.eps>
(epstopdf)                    date: 2020-01-26 18:51:28
(epstopdf)                    size: 531878 bytes
(epstopdf)             Output file: <sources/logo_TH-Koeln_CMYK_22pt-eps-conver
ted-to.pdf>
(epstopdf)                    date: 2020-01-26 18:51:28
(epstopdf)                    size: 25701 bytes
(epstopdf)             Command: <repstopdf --outfile=sources/logo_TH-Koeln_CMYK
_22pt-eps-converted-to.pdf sources/logo_TH-Koeln_CMYK_22pt.eps>
(epstopdf)             \includegraphics on input line 428.
Package epstopdf Info: Output file is already uptodate.
File: sources/logo_TH-Koeln_CMYK_22pt-eps-converted-to.pdf Graphic file (type p
df)
<use sources/logo_TH-Koeln_CMYK_22pt-eps-converted-to.pdf>
Package pdftex.def Info: sources/logo_TH-Koeln_CMYK_22pt-eps-converted-to.pdf  
used on input line 428.
(pdftex.def)             Requested size: 43.70166pt x 23.56027pt.
 [34

 <./sources/Map_screenshot.png>]
LaTeX Font Info:    Font shape `OT1/ptm/bx/n' in size <9> not available
(Font)              Font shape `OT1/ptm/b/n' tried instead on input line 444.
LaTeX Font Info:    Font shape `OT1/ptm/bx/n' in size <7> not available
(Font)              Font shape `OT1/ptm/b/n' tried instead on input line 444.
LaTeX Font Info:    Font shape `OT1/ptm/bx/n' in size <5> not available
(Font)              Font shape `OT1/ptm/b/n' tried instead on input line 444.
Package epstopdf Info: Source file: <sources/logo_TH-Koeln_CMYK_22pt.eps>
(epstopdf)                    date: 2020-01-26 18:51:28
(epstopdf)                    size: 531878 bytes
(epstopdf)             Output file: <sources/logo_TH-Koeln_CMYK_22pt-eps-conver
ted-to.pdf>
(epstopdf)                    date: 2020-01-26 18:51:28
(epstopdf)                    size: 25701 bytes
(epstopdf)             Command: <repstopdf --outfile=sources/logo_TH-Koeln_CMYK
_22pt-eps-converted-to.pdf sources/logo_TH-Koeln_CMYK_22pt.eps>
(epstopdf)             \includegraphics on input line 444.
Package epstopdf Info: Output file is already uptodate.
File: sources/logo_TH-Koeln_CMYK_22pt-eps-converted-to.pdf Graphic file (type p
df)
<use sources/logo_TH-Koeln_CMYK_22pt-eps-converted-to.pdf>
Package pdftex.def Info: sources/logo_TH-Koeln_CMYK_22pt-eps-converted-to.pdf  
used on input line 444.
(pdftex.def)             Requested size: 43.70166pt x 23.56027pt.

[35

]
\tf@nav=\write6
\openout6 = `presentation_team00.nav'.

\tf@toc=\write7
\openout7 = `presentation_team00.toc'.

\tf@snm=\write8
\openout8 = `presentation_team00.snm'.

Package atveryend Info: Empty hook `BeforeClearDocument' on input line 446.
Package atveryend Info: Empty hook `AfterLastShipout' on input line 446.
 (./presentation_team00.aux)
Package atveryend Info: Executing hook `AtVeryEndDocument' on input line 446.
Package atveryend Info: Executing hook `AtEndAfterFileList' on input line 446.
Package rerunfilecheck Info: File `presentation_team00.out' has not changed.
(rerunfilecheck)             Checksum: 7D6322C5DD1F0570362407C3B33BBE98;738.
 ) 
Here is how much of TeX's memory you used:
 18715 strings out of 494467
 350618 string characters out of 6174031
 435374 words of memory out of 5000000
 21843 multiletter control sequences out of 15000+600000
 44915 words of font info for 104 fonts, out of 8000000 for 9000
 36 hyphenation exceptions out of 8191
 48i,17n,62p,786b,660s stack positions out of 5000i,500n,10000p,200000b,80000s
{/usr/share/texlive/texmf-dist/fonts/enc/dvips/base/8r.enc}</usr/share/texliv
e/texmf-dist/fonts/type1/public/amsfonts/cm/cmsy10.pfb></usr/share/texlive/texm
f-dist/fonts/type1/public/amsfonts/cm/cmtt9.pfb></usr/share/texlive/texmf-dist/
fonts/type1/public/amsfonts/symbols/msam10.pfb></usr/share/texlive/texmf-dist/f
onts/type1/urw/times/utmb8a.pfb></usr/share/texlive/texmf-dist/fonts/type1/urw/
times/utmr8a.pfb></usr/share/texlive/texmf-dist/fonts/type1/urw/times/utmri8a.p
fb>
Output written on presentation_team00.pdf (35 pages, 7144434 bytes).
PDF statistics:
 445 PDF objects out of 1000 (max. 8388607)
 327 compressed objects within 4 object streams
 84 named destinations out of 1000 (max. 500000)
 304 words of extra memory for PDF output out of 10000 (max. 10000000)

